<?xml version="1.0" encoding="UTF-8"?>
<testsuite xmlns:xsi="http://www.w3.org/2001/XMLSchema-instance" xsi:noNamespaceSchemaLocation="https://maven.apache.org/surefire/maven-surefire-plugin/xsd/surefire-test-report-3.0.xsd" version="3.0" name="TestSuite" time="57.885" tests="19" errors="0" skipped="0" failures="2">
  <properties>
[...]
</properties>
  <testcase name="runScenario[&quot;Successfully delete existing booking&quot;, &quot;DELETE API Tests&quot;](1)" classname="runners.TestRunner" time="8.866">
    <system-out><![CDATA[
Scenario: Successfully delete existing booking              &amp#27;[90m# src/test/resources/features/DeleteBooking.feature:8&amp#27;[0m
16:53:12 [main] DEBUG org.apache.http.impl.conn.BasicClientConnectionManager - Get connection for route {s}->https://restful-booker.herokuapp.com:443
16:53:12 [main] DEBUG org.apache.http.impl.conn.DefaultClientConnectionOperator - Connecting to restful-booker.herokuapp.com:443
16:53:13 [main] DEBUG org.apache.http.client.protocol.RequestAddCookies - CookieSpec selected: ignoreCookies
16:53:13 [main] DEBUG org.apache.http.client.protocol.RequestAuthCache - Auth cache not set in the context
16:53:13 [main] DEBUG org.apache.http.client.protocol.RequestTargetAuthentication - Target auth state: UNCHALLENGED
16:53:13 [main] DEBUG org.apache.http.client.protocol.RequestProxyAuthentication - Proxy auth state: UNCHALLENGED
16:53:13 [main] DEBUG org.apache.http.impl.client.DefaultHttpClient - Attempt 1 to execute request
16:53:13 [main] DEBUG org.apache.http.impl.conn.DefaultClientConnection - Sending request: POST /auth HTTP/1.1
16:53:13 [main] DEBUG org.apache.http.wire -  >> "POST /auth HTTP/1.1[\r][\n]"
16:53:13 [main] DEBUG org.apache.http.wire -  >> "Accept: */*[\r][\n]"
16:53:13 [main] DEBUG org.apache.http.wire -  >> "Content-Type: application/json[\r][\n]"
16:53:13 [main] DEBUG org.apache.http.wire -  >> "Content-Length: 45[\r][\n]"
16:53:13 [main] DEBUG org.apache.http.wire -  >> "Host: restful-booker.herokuapp.com[\r][\n]"
16:53:13 [main] DEBUG org.apache.http.wire -  >> "Connection: Keep-Alive[\r][\n]"
16:53:13 [main] DEBUG org.apache.http.wire -  >> "User-Agent: Apache-HttpClient/4.5.13 (Java/17.0.11)[\r][\n]"
16:53:13 [main] DEBUG org.apache.http.wire -  >> "Accept-Encoding: gzip,deflate[\r][\n]"
16:53:13 [main] DEBUG org.apache.http.wire -  >> "[\r][\n]"
16:53:13 [main] DEBUG org.apache.http.headers - >> POST /auth HTTP/1.1
16:53:13 [main] DEBUG org.apache.http.headers - >> Accept: */*
16:53:13 [main] DEBUG org.apache.http.headers - >> Content-Type: application/json
16:53:13 [main] DEBUG org.apache.http.headers - >> Content-Length: 45
16:53:13 [main] DEBUG org.apache.http.headers - >> Host: restful-booker.herokuapp.com
16:53:13 [main] DEBUG org.apache.http.headers - >> Connection: Keep-Alive
16:53:13 [main] DEBUG org.apache.http.headers - >> User-Agent: Apache-HttpClient/4.5.13 (Java/17.0.11)
16:53:13 [main] DEBUG org.apache.http.headers - >> Accept-Encoding: gzip,deflate
16:53:13 [main] DEBUG org.apache.http.wire -  >> "{"username":"admin","password":"password123"}"
16:53:14 [main] DEBUG org.apache.http.wire -  << "HTTP/1.1 200 OK[\r][\n]"
16:53:14 [main] DEBUG org.apache.http.wire -  << "Content-Length: 27[\r][\n]"
16:53:14 [main] DEBUG org.apache.http.wire -  << "Content-Type: application/json; charset=utf-8[\r][\n]"
16:53:14 [main] DEBUG org.apache.http.wire -  << "Date: Wed, 06 Aug 2025 14:53:13 GMT[\r][\n]"
16:53:14 [main] DEBUG org.apache.http.wire -  << "Etag: W/"1b-nxKQIuSADJJj5pPKmluXQ2bfcIg"[\r][\n]"
16:53:14 [main] DEBUG org.apache.http.wire -  << "Nel: {"report_to":"heroku-nel","response_headers":["Via"],"max_age":3600,"success_fraction":0.01,"failure_fraction":0.1}[\r][\n]"
16:53:14 [main] DEBUG org.apache.http.wire -  << "Report-To: {"group":"heroku-nel","endpoints":[{"url":"https://nel.heroku.com/reports?s=hC%2BtGzSjC%2F%2BFAfZFAJAXN5%2F0PFuLN4%2FCdwoNYFr0Sfw%3D\u0026sid=c46efe9b-d3d2-4a0c-8c76-bfafa16c5add\u0026ts=1754491993"}],"max_age":3600}[\r][\n]"
16:53:14 [main] DEBUG org.apache.http.wire -  << "Reporting-Endpoints: heroku-nel="https://nel.heroku.com/reports?s=hC%2BtGzSjC%2F%2BFAfZFAJAXN5%2F0PFuLN4%2FCdwoNYFr0Sfw%3D&sid=c46efe9b-d3d2-4a0c-8c76-bfafa16c5add&ts=1754491993"[\r][\n]"
16:53:14 [main] DEBUG org.apache.http.wire -  << "Server: Heroku[\r][\n]"
16:53:14 [main] DEBUG org.apache.http.wire -  << "Via: 1.1 heroku-router[\r][\n]"
16:53:14 [main] DEBUG org.apache.http.wire -  << "X-Powered-By: Express[\r][\n]"
16:53:14 [main] DEBUG org.apache.http.wire -  << "[\r][\n]"
16:53:14 [main] DEBUG org.apache.http.impl.conn.DefaultClientConnection - Receiving response: HTTP/1.1 200 OK
16:53:14 [main] DEBUG org.apache.http.headers - << HTTP/1.1 200 OK
16:53:14 [main] DEBUG org.apache.http.headers - << Content-Length: 27
16:53:14 [main] DEBUG org.apache.http.headers - << Content-Type: application/json; charset=utf-8
16:53:14 [main] DEBUG org.apache.http.headers - << Date: Wed, 06 Aug 2025 14:53:13 GMT
16:53:14 [main] DEBUG org.apache.http.headers - << Etag: W/"1b-nxKQIuSADJJj5pPKmluXQ2bfcIg"
16:53:14 [main] DEBUG org.apache.http.headers - << Nel: {"report_to":"heroku-nel","response_headers":["Via"],"max_age":3600,"success_fraction":0.01,"failure_fraction":0.1}
16:53:14 [main] DEBUG org.apache.http.headers - << Report-To: {"group":"heroku-nel","endpoints":[{"url":"https://nel.heroku.com/reports?s=hC%2BtGzSjC%2F%2BFAfZFAJAXN5%2F0PFuLN4%2FCdwoNYFr0Sfw%3D\u0026sid=c46efe9b-d3d2-4a0c-8c76-bfafa16c5add\u0026ts=1754491993"}],"max_age":3600}
16:53:14 [main] DEBUG org.apache.http.headers - << Reporting-Endpoints: heroku-nel="https://nel.heroku.com/reports?s=hC%2BtGzSjC%2F%2BFAfZFAJAXN5%2F0PFuLN4%2FCdwoNYFr0Sfw%3D&sid=c46efe9b-d3d2-4a0c-8c76-bfafa16c5add&ts=1754491993"
16:53:14 [main] DEBUG org.apache.http.headers - << Server: Heroku
16:53:14 [main] DEBUG org.apache.http.headers - << Via: 1.1 heroku-router
16:53:14 [main] DEBUG org.apache.http.headers - << X-Powered-By: Express
16:53:14 [main] DEBUG org.apache.http.impl.client.DefaultHttpClient - Connection can be kept alive indefinitely
16:53:14 [main] DEBUG io.restassured.internal.RestAssuredHttpBuilder - Parsing response as: application/json; charset=utf-8
16:53:14 [main] DEBUG io.restassured.internal.RestAssuredHttpBuilder - Parsed data to instance of: class org.apache.http.conn.EofSensorInputStream
16:53:14 [main] DEBUG org.apache.http.wire -  << "{"token":"7c15f419414ac5f"}"
16:53:14 [main] DEBUG org.apache.http.impl.conn.BasicClientConnectionManager - Releasing connection org.apache.http.impl.conn.ManagedClientConnectionImpl@3bbf1c0d
16:53:14 [main] DEBUG org.apache.http.impl.conn.BasicClientConnectionManager - Connection can be kept alive indefinitely
Generated Token: 7c15f419414ac5f
  &amp#27;[32mGiven &amp#27;[0m&amp#27;[32mUser has valid auth token&amp#27;[0m                           &amp#27;[90m# stepdefs.AuthenticationSteps.user_has_valid_auth_token()&amp#27;[0m
16:53:15 [main] DEBUG org.apache.http.impl.conn.BasicClientConnectionManager - Get connection for route {s}->https://restful-booker.herokuapp.com:443
16:53:15 [main] DEBUG org.apache.http.impl.conn.DefaultClientConnectionOperator - Connecting to restful-booker.herokuapp.com:443
16:53:15 [main] DEBUG org.apache.http.client.protocol.RequestAddCookies - CookieSpec selected: ignoreCookies
16:53:15 [main] DEBUG org.apache.http.client.protocol.RequestAuthCache - Auth cache not set in the context
16:53:15 [main] DEBUG org.apache.http.client.protocol.RequestTargetAuthentication - Target auth state: UNCHALLENGED
16:53:15 [main] DEBUG org.apache.http.client.protocol.RequestProxyAuthentication - Proxy auth state: UNCHALLENGED
16:53:15 [main] DEBUG org.apache.http.impl.client.DefaultHttpClient - Attempt 1 to execute request
16:53:15 [main] DEBUG org.apache.http.impl.conn.DefaultClientConnection - Sending request: POST /booking HTTP/1.1
16:53:15 [main] DEBUG org.apache.http.wire -  >> "POST /booking HTTP/1.1[\r][\n]"
16:53:15 [main] DEBUG org.apache.http.wire -  >> "Accept: */*[\r][\n]"
16:53:15 [main] DEBUG org.apache.http.wire -  >> "Content-Type: application/json[\r][\n]"
16:53:15 [main] DEBUG org.apache.http.wire -  >> "Content-Length: 173[\r][\n]"
16:53:15 [main] DEBUG org.apache.http.wire -  >> "Host: restful-booker.herokuapp.com[\r][\n]"
16:53:15 [main] DEBUG org.apache.http.wire -  >> "Connection: Keep-Alive[\r][\n]"
16:53:15 [main] DEBUG org.apache.http.wire -  >> "User-Agent: Apache-HttpClient/4.5.13 (Java/17.0.11)[\r][\n]"
16:53:15 [main] DEBUG org.apache.http.wire -  >> "Accept-Encoding: gzip,deflate[\r][\n]"
16:53:15 [main] DEBUG org.apache.http.wire -  >> "[\r][\n]"
16:53:15 [main] DEBUG org.apache.http.headers - >> POST /booking HTTP/1.1
16:53:15 [main] DEBUG org.apache.http.headers - >> Accept: */*
16:53:15 [main] DEBUG org.apache.http.headers - >> Content-Type: application/json
16:53:15 [main] DEBUG org.apache.http.headers - >> Content-Length: 173
16:53:15 [main] DEBUG org.apache.http.headers - >> Host: restful-booker.herokuapp.com
16:53:15 [main] DEBUG org.apache.http.headers - >> Connection: Keep-Alive
16:53:15 [main] DEBUG org.apache.http.headers - >> User-Agent: Apache-HttpClient/4.5.13 (Java/17.0.11)
16:53:15 [main] DEBUG org.apache.http.headers - >> Accept-Encoding: gzip,deflate
16:53:15 [main] DEBUG org.apache.http.wire -  >> "{"firstname":"Michael","lastname":"Jordan","totalprice":500,"depositpaid":true,"bookingdates":{"checkin":"2024-08-01","checkout":"2024-08-10"},"additionalneeds":"Breakfast"}"
16:53:16 [main] DEBUG org.apache.http.wire -  << "HTTP/1.1 200 OK[\r][\n]"
16:53:16 [main] DEBUG org.apache.http.wire -  << "Content-Length: 202[\r][\n]"
16:53:16 [main] DEBUG org.apache.http.wire -  << "Content-Type: application/json; charset=utf-8[\r][\n]"
16:53:16 [main] DEBUG org.apache.http.wire -  << "Date: Wed, 06 Aug 2025 14:53:15 GMT[\r][\n]"
16:53:16 [main] DEBUG org.apache.http.wire -  << "Etag: W/"ca-mjZCRBvnFisGoUPefdrJz9FT+tY"[\r][\n]"
16:53:16 [main] DEBUG org.apache.http.wire -  << "Nel: {"report_to":"heroku-nel","response_headers":["Via"],"max_age":3600,"success_fraction":0.01,"failure_fraction":0.1}[\r][\n]"
16:53:16 [main] DEBUG org.apache.http.wire -  << "Report-To: {"group":"heroku-nel","endpoints":[{"url":"https://nel.heroku.com/reports?s=sGLfdKyUJ%2FbkeU6QRZCmmDTvlRp6TS5Wl4HIfpIKYq0%3D\u0026sid=c46efe9b-d3d2-4a0c-8c76-bfafa16c5add\u0026ts=1754491995"}],"max_age":3600}[\r][\n]"
16:53:16 [main] DEBUG org.apache.http.wire -  << "Reporting-Endpoints: heroku-nel="https://nel.heroku.com/reports?s=sGLfdKyUJ%2FbkeU6QRZCmmDTvlRp6TS5Wl4HIfpIKYq0%3D&sid=c46efe9b-d3d2-4a0c-8c76-bfafa16c5add&ts=1754491995"[\r][\n]"
16:53:16 [main] DEBUG org.apache.http.wire -  << "Server: Heroku[\r][\n]"
16:53:16 [main] DEBUG org.apache.http.wire -  << "Via: 1.1 heroku-router[\r][\n]"
16:53:16 [main] DEBUG org.apache.http.wire -  << "X-Powered-By: Express[\r][\n]"
16:53:16 [main] DEBUG org.apache.http.wire -  << "[\r][\n]"
16:53:16 [main] DEBUG org.apache.http.impl.conn.DefaultClientConnection - Receiving response: HTTP/1.1 200 OK
16:53:16 [main] DEBUG org.apache.http.headers - << HTTP/1.1 200 OK
16:53:16 [main] DEBUG org.apache.http.headers - << Content-Length: 202
16:53:16 [main] DEBUG org.apache.http.headers - << Content-Type: application/json; charset=utf-8
16:53:16 [main] DEBUG org.apache.http.headers - << Date: Wed, 06 Aug 2025 14:53:15 GMT
16:53:16 [main] DEBUG org.apache.http.headers - << Etag: W/"ca-mjZCRBvnFisGoUPefdrJz9FT+tY"
16:53:16 [main] DEBUG org.apache.http.headers - << Nel: {"report_to":"heroku-nel","response_headers":["Via"],"max_age":3600,"success_fraction":0.01,"failure_fraction":0.1}
16:53:16 [main] DEBUG org.apache.http.headers - << Report-To: {"group":"heroku-nel","endpoints":[{"url":"https://nel.heroku.com/reports?s=sGLfdKyUJ%2FbkeU6QRZCmmDTvlRp6TS5Wl4HIfpIKYq0%3D\u0026sid=c46efe9b-d3d2-4a0c-8c76-bfafa16c5add\u0026ts=1754491995"}],"max_age":3600}
16:53:16 [main] DEBUG org.apache.http.headers - << Reporting-Endpoints: heroku-nel="https://nel.heroku.com/reports?s=sGLfdKyUJ%2FbkeU6QRZCmmDTvlRp6TS5Wl4HIfpIKYq0%3D&sid=c46efe9b-d3d2-4a0c-8c76-bfafa16c5add&ts=1754491995"
16:53:16 [main] DEBUG org.apache.http.headers - << Server: Heroku
16:53:16 [main] DEBUG org.apache.http.headers - << Via: 1.1 heroku-router
16:53:16 [main] DEBUG org.apache.http.headers - << X-Powered-By: Express
16:53:16 [main] DEBUG org.apache.http.impl.client.DefaultHttpClient - Connection can be kept alive indefinitely
16:53:16 [main] DEBUG io.restassured.internal.RestAssuredHttpBuilder - Parsing response as: application/json; charset=utf-8
16:53:16 [main] DEBUG io.restassured.internal.RestAssuredHttpBuilder - Parsed data to instance of: class org.apache.http.conn.EofSensorInputStream
16:53:16 [main] DEBUG org.apache.http.wire -  << "{"bookingid":1220,"booking":{"firstname":"Michael","lastname":"Jordan","totalprice":500,"depositpaid":true,"bookingdates":{"checkin":"2024-08-01","checkout":"2024-08-10"},"additionalneeds":"Breakfast"}}"
16:53:16 [main] DEBUG org.apache.http.impl.conn.BasicClientConnectionManager - Releasing connection org.apache.http.impl.conn.ManagedClientConnectionImpl@4a105556
16:53:16 [main] DEBUG org.apache.http.impl.conn.BasicClientConnectionManager - Connection can be kept alive indefinitely
Booking created with ID: 1220
  &amp#27;[32mGiven &amp#27;[0m&amp#27;[32mUser creates a new booking with data &amp#27;[0m&amp#27;[32m&amp#27;[1m"validBooking"&amp#27;[0m &amp#27;[90m# stepdefs.PatchBookingSteps.userCreatesANewBookingWithData(java.lang.String)&amp#27;[0m
16:53:16 [main] DEBUG org.apache.http.impl.conn.BasicClientConnectionManager - Get connection for route {s}->https://restful-booker.herokuapp.com:443
16:53:16 [main] DEBUG org.apache.http.impl.conn.DefaultClientConnectionOperator - Connecting to restful-booker.herokuapp.com:443
16:53:17 [main] DEBUG org.apache.http.client.protocol.RequestAddCookies - CookieSpec selected: ignoreCookies
16:53:17 [main] DEBUG org.apache.http.client.protocol.RequestAuthCache - Auth cache not set in the context
16:53:17 [main] DEBUG org.apache.http.client.protocol.RequestTargetAuthentication - Target auth state: UNCHALLENGED
16:53:17 [main] DEBUG org.apache.http.client.protocol.RequestProxyAuthentication - Proxy auth state: UNCHALLENGED
16:53:17 [main] DEBUG org.apache.http.impl.client.DefaultHttpClient - Attempt 1 to execute request
16:53:17 [main] DEBUG org.apache.http.impl.conn.DefaultClientConnection - Sending request: DELETE /booking/1220 HTTP/1.1
16:53:17 [main] DEBUG org.apache.http.wire -  >> "DELETE /booking/1220 HTTP/1.1[\r][\n]"
16:53:17 [main] DEBUG org.apache.http.wire -  >> "Content-Type: application/json[\r][\n]"
16:53:17 [main] DEBUG org.apache.http.wire -  >> "Cookie: token=7c15f419414ac5f[\r][\n]"
16:53:17 [main] DEBUG org.apache.http.wire -  >> "Accept: */*[\r][\n]"
16:53:17 [main] DEBUG org.apache.http.wire -  >> "Host: restful-booker.herokuapp.com[\r][\n]"
16:53:17 [main] DEBUG org.apache.http.wire -  >> "Connection: Keep-Alive[\r][\n]"
16:53:17 [main] DEBUG org.apache.http.wire -  >> "User-Agent: Apache-HttpClient/4.5.13 (Java/17.0.11)[\r][\n]"
16:53:17 [main] DEBUG org.apache.http.wire -  >> "Accept-Encoding: gzip,deflate[\r][\n]"
16:53:17 [main] DEBUG org.apache.http.wire -  >> "[\r][\n]"
16:53:17 [main] DEBUG org.apache.http.headers - >> DELETE /booking/1220 HTTP/1.1
16:53:17 [main] DEBUG org.apache.http.headers - >> Content-Type: application/json
16:53:17 [main] DEBUG org.apache.http.headers - >> Cookie: token=7c15f419414ac5f
16:53:17 [main] DEBUG org.apache.http.headers - >> Accept: */*
16:53:17 [main] DEBUG org.apache.http.headers - >> Host: restful-booker.herokuapp.com
16:53:17 [main] DEBUG org.apache.http.headers - >> Connection: Keep-Alive
16:53:17 [main] DEBUG org.apache.http.headers - >> User-Agent: Apache-HttpClient/4.5.13 (Java/17.0.11)
16:53:17 [main] DEBUG org.apache.http.headers - >> Accept-Encoding: gzip,deflate
16:53:17 [main] DEBUG org.apache.http.wire -  << "HTTP/1.1 201 Created[\r][\n]"
16:53:17 [main] DEBUG org.apache.http.wire -  << "Content-Length: 7[\r][\n]"
16:53:17 [main] DEBUG org.apache.http.wire -  << "Content-Type: text/plain; charset=utf-8[\r][\n]"
16:53:17 [main] DEBUG org.apache.http.wire -  << "Date: Wed, 06 Aug 2025 14:53:16 GMT[\r][\n]"
16:53:17 [main] DEBUG org.apache.http.wire -  << "Etag: W/"7-rM9AyJuqT6iOan/xHh+AW+7K/T8"[\r][\n]"
16:53:17 [main] DEBUG org.apache.http.wire -  << "Nel: {"report_to":"heroku-nel","response_headers":["Via"],"max_age":3600,"success_fraction":0.01,"failure_fraction":0.1}[\r][\n]"
16:53:17 [main] DEBUG org.apache.http.wire -  << "Report-To: {"group":"heroku-nel","endpoints":[{"url":"https://nel.heroku.com/reports?s=YA5UwChpfd5LWsMdiNjVbOiDNEcuB05Cx04Oq4Au8p0%3D\u0026sid=c46efe9b-d3d2-4a0c-8c76-bfafa16c5add\u0026ts=1754491996"}],"max_age":3600}[\r][\n]"
16:53:17 [main] DEBUG org.apache.http.wire -  << "Reporting-Endpoints: heroku-nel="https://nel.heroku.com/reports?s=YA5UwChpfd5LWsMdiNjVbOiDNEcuB05Cx04Oq4Au8p0%3D&sid=c46efe9b-d3d2-4a0c-8c76-bfafa16c5add&ts=1754491996"[\r][\n]"
16:53:17 [main] DEBUG org.apache.http.wire -  << "Server: Heroku[\r][\n]"
16:53:17 [main] DEBUG org.apache.http.wire -  << "Via: 1.1 heroku-router[\r][\n]"
16:53:17 [main] DEBUG org.apache.http.wire -  << "X-Powered-By: Express[\r][\n]"
16:53:17 [main] DEBUG org.apache.http.wire -  << "[\r][\n]"
16:53:17 [main] DEBUG org.apache.http.impl.conn.DefaultClientConnection - Receiving response: HTTP/1.1 201 Created
16:53:17 [main] DEBUG org.apache.http.headers - << HTTP/1.1 201 Created
16:53:17 [main] DEBUG org.apache.http.headers - << Content-Length: 7
16:53:17 [main] DEBUG org.apache.http.headers - << Content-Type: text/plain; charset=utf-8
16:53:17 [main] DEBUG org.apache.http.headers - << Date: Wed, 06 Aug 2025 14:53:16 GMT
16:53:17 [main] DEBUG org.apache.http.headers - << Etag: W/"7-rM9AyJuqT6iOan/xHh+AW+7K/T8"
16:53:17 [main] DEBUG org.apache.http.headers - << Nel: {"report_to":"heroku-nel","response_headers":["Via"],"max_age":3600,"success_fraction":0.01,"failure_fraction":0.1}
16:53:17 [main] DEBUG org.apache.http.headers - << Report-To: {"group":"heroku-nel","endpoints":[{"url":"https://nel.heroku.com/reports?s=YA5UwChpfd5LWsMdiNjVbOiDNEcuB05Cx04Oq4Au8p0%3D\u0026sid=c46efe9b-d3d2-4a0c-8c76-bfafa16c5add\u0026ts=1754491996"}],"max_age":3600}
16:53:17 [main] DEBUG org.apache.http.headers - << Reporting-Endpoints: heroku-nel="https://nel.heroku.com/reports?s=YA5UwChpfd5LWsMdiNjVbOiDNEcuB05Cx04Oq4Au8p0%3D&sid=c46efe9b-d3d2-4a0c-8c76-bfafa16c5add&ts=1754491996"
16:53:17 [main] DEBUG org.apache.http.headers - << Server: Heroku
16:53:17 [main] DEBUG org.apache.http.headers - << Via: 1.1 heroku-router
16:53:17 [main] DEBUG org.apache.http.headers - << X-Powered-By: Express
16:53:17 [main] DEBUG org.apache.http.impl.client.DefaultHttpClient - Connection can be kept alive indefinitely
16:53:17 [main] DEBUG io.restassured.internal.RestAssuredHttpBuilder - Parsing response as: text/plain; charset=utf-8
16:53:17 [main] DEBUG io.restassured.internal.RestAssuredHttpBuilder - Parsed data to instance of: class org.apache.http.conn.EofSensorInputStream
  &amp#27;[32mWhen &amp#27;[0m&amp#27;[32mUser deletes the booking&amp#27;[0m                             &amp#27;[90m# stepdefs.DeleteBookingSteps.delete_booking()&amp#27;[0m
  &amp#27;[32mThen &amp#27;[0m&amp#27;[32mBooking delete response status should be &amp#27;[0m&amp#27;[32m&amp#27;[1m201&amp#27;[0m         &amp#27;[90m# stepdefs.DeleteBookingSteps.delete_response_status(int)&amp#27;[0m
16:53:17 [main] DEBUG org.apache.http.impl.conn.BasicClientConnectionManager - Get connection for route {s}->https://restful-booker.herokuapp.com:443
16:53:17 [main] DEBUG org.apache.http.impl.conn.DefaultClientConnectionOperator - Connecting to restful-booker.herokuapp.com:443
16:53:18 [main] DEBUG org.apache.http.client.protocol.RequestAddCookies - CookieSpec selected: ignoreCookies
16:53:18 [main] DEBUG org.apache.http.client.protocol.RequestAuthCache - Auth cache not set in the context
16:53:18 [main] DEBUG org.apache.http.client.protocol.RequestTargetAuthentication - Target auth state: UNCHALLENGED
16:53:18 [main] DEBUG org.apache.http.client.protocol.RequestProxyAuthentication - Proxy auth state: UNCHALLENGED
16:53:18 [main] DEBUG org.apache.http.impl.client.DefaultHttpClient - Attempt 1 to execute request
16:53:18 [main] DEBUG org.apache.http.impl.conn.DefaultClientConnection - Sending request: GET /booking/1220 HTTP/1.1
16:53:18 [main] DEBUG org.apache.http.wire -  >> "GET /booking/1220 HTTP/1.1[\r][\n]"
16:53:18 [main] DEBUG org.apache.http.wire -  >> "Content-Type: application/json[\r][\n]"
16:53:18 [main] DEBUG org.apache.http.wire -  >> "Accept: */*[\r][\n]"
16:53:18 [main] DEBUG org.apache.http.wire -  >> "Host: restful-booker.herokuapp.com[\r][\n]"
16:53:18 [main] DEBUG org.apache.http.wire -  >> "Connection: Keep-Alive[\r][\n]"
16:53:18 [main] DEBUG org.apache.http.wire -  >> "User-Agent: Apache-HttpClient/4.5.13 (Java/17.0.11)[\r][\n]"
16:53:18 [main] DEBUG org.apache.http.wire -  >> "Accept-Encoding: gzip,deflate[\r][\n]"
16:53:18 [main] DEBUG org.apache.http.wire -  >> "[\r][\n]"
16:53:18 [main] DEBUG org.apache.http.headers - >> GET /booking/1220 HTTP/1.1
16:53:18 [main] DEBUG org.apache.http.headers - >> Content-Type: application/json
16:53:18 [main] DEBUG org.apache.http.headers - >> Accept: */*
16:53:18 [main] DEBUG org.apache.http.headers - >> Host: restful-booker.herokuapp.com
16:53:18 [main] DEBUG org.apache.http.headers - >> Connection: Keep-Alive
16:53:18 [main] DEBUG org.apache.http.headers - >> User-Agent: Apache-HttpClient/4.5.13 (Java/17.0.11)
16:53:18 [main] DEBUG org.apache.http.headers - >> Accept-Encoding: gzip,deflate
16:53:18 [main] DEBUG org.apache.http.wire -  << "HTTP/1.1 404 Not Found[\r][\n]"
16:53:18 [main] DEBUG org.apache.http.wire -  << "Content-Length: 9[\r][\n]"
16:53:18 [main] DEBUG org.apache.http.wire -  << "Content-Type: text/plain; charset=utf-8[\r][\n]"
16:53:18 [main] DEBUG org.apache.http.wire -  << "Date: Wed, 06 Aug 2025 14:53:18 GMT[\r][\n]"
16:53:18 [main] DEBUG org.apache.http.wire -  << "Etag: W/"9-0gXL1ngzMqISxa6S1zx3F4wtLyg"[\r][\n]"
16:53:18 [main] DEBUG org.apache.http.wire -  << "Nel: {"report_to":"heroku-nel","response_headers":["Via"],"max_age":3600,"success_fraction":0.01,"failure_fraction":0.1}[\r][\n]"
16:53:18 [main] DEBUG org.apache.http.wire -  << "Report-To: {"group":"heroku-nel","endpoints":[{"url":"https://nel.heroku.com/reports?s=QTCKuakyj%2FA2e7OYeYjauvgACAf%2BMjJzdJevlYGKHQs%3D\u0026sid=c46efe9b-d3d2-4a0c-8c76-bfafa16c5add\u0026ts=1754491998"}],"max_age":3600}[\r][\n]"
16:53:18 [main] DEBUG org.apache.http.wire -  << "Reporting-Endpoints: heroku-nel="https://nel.heroku.com/reports?s=QTCKuakyj%2FA2e7OYeYjauvgACAf%2BMjJzdJevlYGKHQs%3D&sid=c46efe9b-d3d2-4a0c-8c76-bfafa16c5add&ts=1754491998"[\r][\n]"
16:53:18 [main] DEBUG org.apache.http.wire -  << "Server: Heroku[\r][\n]"
16:53:18 [main] DEBUG org.apache.http.wire -  << "Via: 1.1 heroku-router[\r][\n]"
16:53:18 [main] DEBUG org.apache.http.wire -  << "X-Powered-By: Express[\r][\n]"
16:53:18 [main] DEBUG org.apache.http.wire -  << "[\r][\n]"
16:53:18 [main] DEBUG org.apache.http.impl.conn.DefaultClientConnection - Receiving response: HTTP/1.1 404 Not Found
16:53:18 [main] DEBUG org.apache.http.headers - << HTTP/1.1 404 Not Found
16:53:18 [main] DEBUG org.apache.http.headers - << Content-Length: 9
16:53:18 [main] DEBUG org.apache.http.headers - << Content-Type: text/plain; charset=utf-8
16:53:18 [main] DEBUG org.apache.http.headers - << Date: Wed, 06 Aug 2025 14:53:18 GMT
16:53:18 [main] DEBUG org.apache.http.headers - << Etag: W/"9-0gXL1ngzMqISxa6S1zx3F4wtLyg"
16:53:18 [main] DEBUG org.apache.http.headers - << Nel: {"report_to":"heroku-nel","response_headers":["Via"],"max_age":3600,"success_fraction":0.01,"failure_fraction":0.1}
16:53:18 [main] DEBUG org.apache.http.headers - << Report-To: {"group":"heroku-nel","endpoints":[{"url":"https://nel.heroku.com/reports?s=QTCKuakyj%2FA2e7OYeYjauvgACAf%2BMjJzdJevlYGKHQs%3D\u0026sid=c46efe9b-d3d2-4a0c-8c76-bfafa16c5add\u0026ts=1754491998"}],"max_age":3600}
16:53:18 [main] DEBUG org.apache.http.headers - << Reporting-Endpoints: heroku-nel="https://nel.heroku.com/reports?s=QTCKuakyj%2FA2e7OYeYjauvgACAf%2BMjJzdJevlYGKHQs%3D&sid=c46efe9b-d3d2-4a0c-8c76-bfafa16c5add&ts=1754491998"
16:53:18 [main] DEBUG org.apache.http.headers - << Server: Heroku
16:53:18 [main] DEBUG org.apache.http.headers - << Via: 1.1 heroku-router
16:53:18 [main] DEBUG org.apache.http.headers - << X-Powered-By: Express
16:53:18 [main] DEBUG org.apache.http.impl.client.DefaultHttpClient - Connection can be kept alive indefinitely
16:53:18 [main] DEBUG io.restassured.internal.RestAssuredHttpBuilder - Parsing response as: text/plain; charset=utf-8
16:53:18 [main] DEBUG io.restassured.internal.RestAssuredHttpBuilder - Parsed data to instance of: class org.apache.http.conn.EofSensorInputStream
  &amp#27;[32mAnd &amp#27;[0m&amp#27;[32mBooking should no longer exist&amp#27;[0m                        &amp#27;[90m# stepdefs.DeleteBookingSteps.verify_booking_deleted()&amp#27;[0m
]]></system-out>
    <system-err><![CDATA[SLF4J: Failed to load class "org.slf4j.impl.StaticLoggerBinder".
SLF4J: Defaulting to no-operation (NOP) logger implementation
SLF4J: See http://www.slf4j.org/codes.html#StaticLoggerBinder for further details.
]]></system-err>
  </testcase>
  <testcase name="runScenario[&quot;Delete non-existent booking&quot;, &quot;DELETE API Tests&quot;](2)" classname="runners.TestRunner" time="2.33">
    <system-out><![CDATA[
Scenario: Delete non-existent booking               &amp#27;[90m# src/test/resources/features/DeleteBooking.feature:14&amp#27;[0m
16:53:18 [main] DEBUG org.apache.http.impl.conn.BasicClientConnectionManager - Get connection for route {s}->https://restful-booker.herokuapp.com:443
16:53:18 [main] DEBUG org.apache.http.impl.conn.DefaultClientConnectionOperator - Connecting to restful-booker.herokuapp.com:443
16:53:19 [main] DEBUG org.apache.http.client.protocol.RequestAddCookies - CookieSpec selected: ignoreCookies
16:53:19 [main] DEBUG org.apache.http.client.protocol.RequestAuthCache - Auth cache not set in the context
16:53:19 [main] DEBUG org.apache.http.client.protocol.RequestTargetAuthentication - Target auth state: UNCHALLENGED
16:53:19 [main] DEBUG org.apache.http.client.protocol.RequestProxyAuthentication - Proxy auth state: UNCHALLENGED
16:53:19 [main] DEBUG org.apache.http.impl.client.DefaultHttpClient - Attempt 1 to execute request
16:53:19 [main] DEBUG org.apache.http.impl.conn.DefaultClientConnection - Sending request: POST /auth HTTP/1.1
16:53:19 [main] DEBUG org.apache.http.wire -  >> "POST /auth HTTP/1.1[\r][\n]"
16:53:19 [main] DEBUG org.apache.http.wire -  >> "Accept: */*[\r][\n]"
16:53:19 [main] DEBUG org.apache.http.wire -  >> "Content-Type: application/json[\r][\n]"
16:53:19 [main] DEBUG org.apache.http.wire -  >> "Content-Length: 45[\r][\n]"
16:53:19 [main] DEBUG org.apache.http.wire -  >> "Host: restful-booker.herokuapp.com[\r][\n]"
16:53:19 [main] DEBUG org.apache.http.wire -  >> "Connection: Keep-Alive[\r][\n]"
16:53:19 [main] DEBUG org.apache.http.wire -  >> "User-Agent: Apache-HttpClient/4.5.13 (Java/17.0.11)[\r][\n]"
16:53:19 [main] DEBUG org.apache.http.wire -  >> "Accept-Encoding: gzip,deflate[\r][\n]"
16:53:19 [main] DEBUG org.apache.http.wire -  >> "[\r][\n]"
16:53:19 [main] DEBUG org.apache.http.headers - >> POST /auth HTTP/1.1
16:53:19 [main] DEBUG org.apache.http.headers - >> Accept: */*
16:53:19 [main] DEBUG org.apache.http.headers - >> Content-Type: application/json
16:53:19 [main] DEBUG org.apache.http.headers - >> Content-Length: 45
16:53:19 [main] DEBUG org.apache.http.headers - >> Host: restful-booker.herokuapp.com
16:53:19 [main] DEBUG org.apache.http.headers - >> Connection: Keep-Alive
16:53:19 [main] DEBUG org.apache.http.headers - >> User-Agent: Apache-HttpClient/4.5.13 (Java/17.0.11)
16:53:19 [main] DEBUG org.apache.http.headers - >> Accept-Encoding: gzip,deflate
16:53:19 [main] DEBUG org.apache.http.wire -  >> "{"username":"admin","password":"password123"}"
16:53:19 [main] DEBUG org.apache.http.wire -  << "HTTP/1.1 200 OK[\r][\n]"
16:53:19 [main] DEBUG org.apache.http.wire -  << "Content-Length: 27[\r][\n]"
16:53:19 [main] DEBUG org.apache.http.wire -  << "Content-Type: application/json; charset=utf-8[\r][\n]"
16:53:19 [main] DEBUG org.apache.http.wire -  << "Date: Wed, 06 Aug 2025 14:53:19 GMT[\r][\n]"
16:53:19 [main] DEBUG org.apache.http.wire -  << "Etag: W/"1b-mU89OPFVatj5Ivx2MtsX3XDBK28"[\r][\n]"
16:53:19 [main] DEBUG org.apache.http.wire -  << "Nel: {"report_to":"heroku-nel","response_headers":["Via"],"max_age":3600,"success_fraction":0.01,"failure_fraction":0.1}[\r][\n]"
16:53:19 [main] DEBUG org.apache.http.wire -  << "Report-To: {"group":"heroku-nel","endpoints":[{"url":"https://nel.heroku.com/reports?s=yFZLrQEePDzrT5P2EUxchXOWyt32EhT5r1Ii2pOW8VM%3D\u0026sid=c46efe9b-d3d2-4a0c-8c76-bfafa16c5add\u0026ts=1754491999"}],"max_age":3600}[\r][\n]"
16:53:19 [main] DEBUG org.apache.http.wire -  << "Reporting-Endpoints: heroku-nel="https://nel.heroku.com/reports?s=yFZLrQEePDzrT5P2EUxchXOWyt32EhT5r1Ii2pOW8VM%3D&sid=c46efe9b-d3d2-4a0c-8c76-bfafa16c5add&ts=1754491999"[\r][\n]"
16:53:19 [main] DEBUG org.apache.http.wire -  << "Server: Heroku[\r][\n]"
16:53:19 [main] DEBUG org.apache.http.wire -  << "Via: 1.1 heroku-router[\r][\n]"
16:53:19 [main] DEBUG org.apache.http.wire -  << "X-Powered-By: Express[\r][\n]"
16:53:19 [main] DEBUG org.apache.http.wire -  << "[\r][\n]"
16:53:19 [main] DEBUG org.apache.http.impl.conn.DefaultClientConnection - Receiving response: HTTP/1.1 200 OK
16:53:19 [main] DEBUG org.apache.http.headers - << HTTP/1.1 200 OK
16:53:19 [main] DEBUG org.apache.http.headers - << Content-Length: 27
16:53:19 [main] DEBUG org.apache.http.headers - << Content-Type: application/json; charset=utf-8
16:53:19 [main] DEBUG org.apache.http.headers - << Date: Wed, 06 Aug 2025 14:53:19 GMT
16:53:19 [main] DEBUG org.apache.http.headers - << Etag: W/"1b-mU89OPFVatj5Ivx2MtsX3XDBK28"
16:53:19 [main] DEBUG org.apache.http.headers - << Nel: {"report_to":"heroku-nel","response_headers":["Via"],"max_age":3600,"success_fraction":0.01,"failure_fraction":0.1}
16:53:19 [main] DEBUG org.apache.http.headers - << Report-To: {"group":"heroku-nel","endpoints":[{"url":"https://nel.heroku.com/reports?s=yFZLrQEePDzrT5P2EUxchXOWyt32EhT5r1Ii2pOW8VM%3D\u0026sid=c46efe9b-d3d2-4a0c-8c76-bfafa16c5add\u0026ts=1754491999"}],"max_age":3600}
16:53:19 [main] DEBUG org.apache.http.headers - << Reporting-Endpoints: heroku-nel="https://nel.heroku.com/reports?s=yFZLrQEePDzrT5P2EUxchXOWyt32EhT5r1Ii2pOW8VM%3D&sid=c46efe9b-d3d2-4a0c-8c76-bfafa16c5add&ts=1754491999"
16:53:19 [main] DEBUG org.apache.http.headers - << Server: Heroku
16:53:19 [main] DEBUG org.apache.http.headers - << Via: 1.1 heroku-router
16:53:19 [main] DEBUG org.apache.http.headers - << X-Powered-By: Express
16:53:19 [main] DEBUG org.apache.http.impl.client.DefaultHttpClient - Connection can be kept alive indefinitely
16:53:19 [main] DEBUG io.restassured.internal.RestAssuredHttpBuilder - Parsing response as: application/json; charset=utf-8
16:53:19 [main] DEBUG io.restassured.internal.RestAssuredHttpBuilder - Parsed data to instance of: class org.apache.http.conn.EofSensorInputStream
16:53:19 [main] DEBUG org.apache.http.wire -  << "{"token":"7d275be6825fa0f"}"
16:53:19 [main] DEBUG org.apache.http.impl.conn.BasicClientConnectionManager - Releasing connection org.apache.http.impl.conn.ManagedClientConnectionImpl@785d6a98
16:53:19 [main] DEBUG org.apache.http.impl.conn.BasicClientConnectionManager - Connection can be kept alive indefinitely
Generated Token: 7d275be6825fa0f
  &amp#27;[32mGiven &amp#27;[0m&amp#27;[32mUser has valid auth token&amp#27;[0m                   &amp#27;[90m# stepdefs.AuthenticationSteps.user_has_valid_auth_token()&amp#27;[0m
16:53:19 [main] DEBUG org.apache.http.impl.conn.BasicClientConnectionManager - Get connection for route {s}->https://restful-booker.herokuapp.com:443
16:53:19 [main] DEBUG org.apache.http.impl.conn.DefaultClientConnectionOperator - Connecting to restful-booker.herokuapp.com:443
16:53:20 [main] DEBUG org.apache.http.client.protocol.RequestAddCookies - CookieSpec selected: ignoreCookies
16:53:20 [main] DEBUG org.apache.http.client.protocol.RequestAuthCache - Auth cache not set in the context
16:53:20 [main] DEBUG org.apache.http.client.protocol.RequestTargetAuthentication - Target auth state: UNCHALLENGED
16:53:20 [main] DEBUG org.apache.http.client.protocol.RequestProxyAuthentication - Proxy auth state: UNCHALLENGED
16:53:20 [main] DEBUG org.apache.http.impl.client.DefaultHttpClient - Attempt 1 to execute request
16:53:20 [main] DEBUG org.apache.http.impl.conn.DefaultClientConnection - Sending request: DELETE /booking/9999999 HTTP/1.1
16:53:20 [main] DEBUG org.apache.http.wire -  >> "DELETE /booking/9999999 HTTP/1.1[\r][\n]"
16:53:20 [main] DEBUG org.apache.http.wire -  >> "Content-Type: application/json[\r][\n]"
16:53:20 [main] DEBUG org.apache.http.wire -  >> "Cookie: token=7d275be6825fa0f[\r][\n]"
16:53:20 [main] DEBUG org.apache.http.wire -  >> "Accept: */*[\r][\n]"
16:53:20 [main] DEBUG org.apache.http.wire -  >> "Host: restful-booker.herokuapp.com[\r][\n]"
16:53:20 [main] DEBUG org.apache.http.wire -  >> "Connection: Keep-Alive[\r][\n]"
16:53:20 [main] DEBUG org.apache.http.wire -  >> "User-Agent: Apache-HttpClient/4.5.13 (Java/17.0.11)[\r][\n]"
16:53:20 [main] DEBUG org.apache.http.wire -  >> "Accept-Encoding: gzip,deflate[\r][\n]"
16:53:20 [main] DEBUG org.apache.http.wire -  >> "[\r][\n]"
16:53:20 [main] DEBUG org.apache.http.headers - >> DELETE /booking/9999999 HTTP/1.1
16:53:20 [main] DEBUG org.apache.http.headers - >> Content-Type: application/json
16:53:20 [main] DEBUG org.apache.http.headers - >> Cookie: token=7d275be6825fa0f
16:53:20 [main] DEBUG org.apache.http.headers - >> Accept: */*
16:53:20 [main] DEBUG org.apache.http.headers - >> Host: restful-booker.herokuapp.com
16:53:20 [main] DEBUG org.apache.http.headers - >> Connection: Keep-Alive
16:53:20 [main] DEBUG org.apache.http.headers - >> User-Agent: Apache-HttpClient/4.5.13 (Java/17.0.11)
16:53:20 [main] DEBUG org.apache.http.headers - >> Accept-Encoding: gzip,deflate
16:53:20 [main] DEBUG org.apache.http.wire -  << "HTTP/1.1 405 Method Not Allowed[\r][\n]"
16:53:20 [main] DEBUG org.apache.http.wire -  << "Content-Length: 18[\r][\n]"
16:53:20 [main] DEBUG org.apache.http.wire -  << "Content-Type: text/plain; charset=utf-8[\r][\n]"
16:53:20 [main] DEBUG org.apache.http.wire -  << "Date: Wed, 06 Aug 2025 14:53:20 GMT[\r][\n]"
16:53:20 [main] DEBUG org.apache.http.wire -  << "Etag: W/"12-UGJMK66P4abaBlq0vKHJaCKuGCA"[\r][\n]"
16:53:20 [main] DEBUG org.apache.http.wire -  << "Nel: {"report_to":"heroku-nel","response_headers":["Via"],"max_age":3600,"success_fraction":0.01,"failure_fraction":0.1}[\r][\n]"
16:53:20 [main] DEBUG org.apache.http.wire -  << "Report-To: {"group":"heroku-nel","endpoints":[{"url":"https://nel.heroku.com/reports?s=ZOuURG53rAss6vDnaV92TtO%2FHS%2B1KPzQgKijECMOD%2Bs%3D\u0026sid=c46efe9b-d3d2-4a0c-8c76-bfafa16c5add\u0026ts=1754492000"}],"max_age":3600}[\r][\n]"
16:53:20 [main] DEBUG org.apache.http.wire -  << "Reporting-Endpoints: heroku-nel="https://nel.heroku.com/reports?s=ZOuURG53rAss6vDnaV92TtO%2FHS%2B1KPzQgKijECMOD%2Bs%3D&sid=c46efe9b-d3d2-4a0c-8c76-bfafa16c5add&ts=1754492000"[\r][\n]"
16:53:20 [main] DEBUG org.apache.http.wire -  << "Server: Heroku[\r][\n]"
16:53:20 [main] DEBUG org.apache.http.wire -  << "Via: 1.1 heroku-router[\r][\n]"
16:53:20 [main] DEBUG org.apache.http.wire -  << "X-Powered-By: Express[\r][\n]"
16:53:21 [main] DEBUG org.apache.http.wire -  << "[\r][\n]"
16:53:21 [main] DEBUG org.apache.http.impl.conn.DefaultClientConnection - Receiving response: HTTP/1.1 405 Method Not Allowed
16:53:21 [main] DEBUG org.apache.http.headers - << HTTP/1.1 405 Method Not Allowed
16:53:21 [main] DEBUG org.apache.http.headers - << Content-Length: 18
16:53:21 [main] DEBUG org.apache.http.headers - << Content-Type: text/plain; charset=utf-8
16:53:21 [main] DEBUG org.apache.http.headers - << Date: Wed, 06 Aug 2025 14:53:20 GMT
16:53:21 [main] DEBUG org.apache.http.headers - << Etag: W/"12-UGJMK66P4abaBlq0vKHJaCKuGCA"
16:53:21 [main] DEBUG org.apache.http.headers - << Nel: {"report_to":"heroku-nel","response_headers":["Via"],"max_age":3600,"success_fraction":0.01,"failure_fraction":0.1}
16:53:21 [main] DEBUG org.apache.http.headers - << Report-To: {"group":"heroku-nel","endpoints":[{"url":"https://nel.heroku.com/reports?s=ZOuURG53rAss6vDnaV92TtO%2FHS%2B1KPzQgKijECMOD%2Bs%3D\u0026sid=c46efe9b-d3d2-4a0c-8c76-bfafa16c5add\u0026ts=1754492000"}],"max_age":3600}
16:53:21 [main] DEBUG org.apache.http.headers - << Reporting-Endpoints: heroku-nel="https://nel.heroku.com/reports?s=ZOuURG53rAss6vDnaV92TtO%2FHS%2B1KPzQgKijECMOD%2Bs%3D&sid=c46efe9b-d3d2-4a0c-8c76-bfafa16c5add&ts=1754492000"
16:53:21 [main] DEBUG org.apache.http.headers - << Server: Heroku
16:53:21 [main] DEBUG org.apache.http.headers - << Via: 1.1 heroku-router
16:53:21 [main] DEBUG org.apache.http.headers - << X-Powered-By: Express
16:53:21 [main] DEBUG org.apache.http.impl.client.DefaultHttpClient - Connection can be kept alive indefinitely
16:53:21 [main] DEBUG io.restassured.internal.RestAssuredHttpBuilder - Parsing response as: text/plain; charset=utf-8
16:53:21 [main] DEBUG io.restassured.internal.RestAssuredHttpBuilder - Parsed data to instance of: class org.apache.http.conn.EofSensorInputStream
  &amp#27;[32mWhen &amp#27;[0m&amp#27;[32mUser deletes booking id &amp#27;[0m&amp#27;[32m&amp#27;[1m"9999999"&amp#27;[0m            &amp#27;[90m# stepdefs.DeleteBookingSteps.delete_nonexistent_booking(java.lang.String)&amp#27;[0m
  &amp#27;[32mThen &amp#27;[0m&amp#27;[32mBooking delete response status should be &amp#27;[0m&amp#27;[32m&amp#27;[1m405&amp#27;[0m &amp#27;[90m# stepdefs.DeleteBookingSteps.delete_response_status(int)&amp#27;[0m
]]></system-out>
  </testcase>
  <testcase name="runScenario[&quot;Delete booking without authentication&quot;, &quot;DELETE API Tests&quot;](3)" classname="runners.TestRunner" time="2.76">
    <system-out><![CDATA[
Scenario: Delete booking without authentication             &amp#27;[90m# src/test/resources/features/DeleteBooking.feature:18&amp#27;[0m
16:53:21 [main] DEBUG org.apache.http.impl.conn.BasicClientConnectionManager - Get connection for route {s}->https://restful-booker.herokuapp.com:443
16:53:21 [main] DEBUG org.apache.http.impl.conn.DefaultClientConnectionOperator - Connecting to restful-booker.herokuapp.com:443
16:53:21 [main] DEBUG org.apache.http.client.protocol.RequestAddCookies - CookieSpec selected: ignoreCookies
16:53:21 [main] DEBUG org.apache.http.client.protocol.RequestAuthCache - Auth cache not set in the context
16:53:21 [main] DEBUG org.apache.http.client.protocol.RequestTargetAuthentication - Target auth state: UNCHALLENGED
16:53:21 [main] DEBUG org.apache.http.client.protocol.RequestProxyAuthentication - Proxy auth state: UNCHALLENGED
16:53:21 [main] DEBUG org.apache.http.impl.client.DefaultHttpClient - Attempt 1 to execute request
16:53:21 [main] DEBUG org.apache.http.impl.conn.DefaultClientConnection - Sending request: POST /auth HTTP/1.1
16:53:21 [main] DEBUG org.apache.http.wire -  >> "POST /auth HTTP/1.1[\r][\n]"
16:53:21 [main] DEBUG org.apache.http.wire -  >> "Accept: */*[\r][\n]"
16:53:21 [main] DEBUG org.apache.http.wire -  >> "Content-Type: application/json[\r][\n]"
16:53:21 [main] DEBUG org.apache.http.wire -  >> "Content-Length: 45[\r][\n]"
16:53:21 [main] DEBUG org.apache.http.wire -  >> "Host: restful-booker.herokuapp.com[\r][\n]"
16:53:21 [main] DEBUG org.apache.http.wire -  >> "Connection: Keep-Alive[\r][\n]"
16:53:21 [main] DEBUG org.apache.http.wire -  >> "User-Agent: Apache-HttpClient/4.5.13 (Java/17.0.11)[\r][\n]"
16:53:21 [main] DEBUG org.apache.http.wire -  >> "Accept-Encoding: gzip,deflate[\r][\n]"
16:53:21 [main] DEBUG org.apache.http.wire -  >> "[\r][\n]"
16:53:21 [main] DEBUG org.apache.http.headers - >> POST /auth HTTP/1.1
16:53:21 [main] DEBUG org.apache.http.headers - >> Accept: */*
16:53:21 [main] DEBUG org.apache.http.headers - >> Content-Type: application/json
16:53:21 [main] DEBUG org.apache.http.headers - >> Content-Length: 45
16:53:21 [main] DEBUG org.apache.http.headers - >> Host: restful-booker.herokuapp.com
16:53:21 [main] DEBUG org.apache.http.headers - >> Connection: Keep-Alive
16:53:21 [main] DEBUG org.apache.http.headers - >> User-Agent: Apache-HttpClient/4.5.13 (Java/17.0.11)
16:53:21 [main] DEBUG org.apache.http.headers - >> Accept-Encoding: gzip,deflate
16:53:21 [main] DEBUG org.apache.http.wire -  >> "{"username":"admin","password":"password123"}"
16:53:22 [main] DEBUG org.apache.http.wire -  << "HTTP/1.1 200 OK[\r][\n]"
16:53:22 [main] DEBUG org.apache.http.wire -  << "Content-Length: 27[\r][\n]"
16:53:22 [main] DEBUG org.apache.http.wire -  << "Content-Type: application/json; charset=utf-8[\r][\n]"
16:53:22 [main] DEBUG org.apache.http.wire -  << "Date: Wed, 06 Aug 2025 14:53:21 GMT[\r][\n]"
16:53:22 [main] DEBUG org.apache.http.wire -  << "Etag: W/"1b-SMQs9VrMtkgWdVimBy3uz79/7Fs"[\r][\n]"
16:53:22 [main] DEBUG org.apache.http.wire -  << "Nel: {"report_to":"heroku-nel","response_headers":["Via"],"max_age":3600,"success_fraction":0.01,"failure_fraction":0.1}[\r][\n]"
16:53:22 [main] DEBUG org.apache.http.wire -  << "Report-To: {"group":"heroku-nel","endpoints":[{"url":"https://nel.heroku.com/reports?s=3qZBnp%2Fo7jZb%2BDZXx1A90ico6gFun7otAGDQGTH%2F8dQ%3D\u0026sid=c46efe9b-d3d2-4a0c-8c76-bfafa16c5add\u0026ts=1754492001"}],"max_age":3600}[\r][\n]"
16:53:22 [main] DEBUG org.apache.http.wire -  << "Reporting-Endpoints: heroku-nel="https://nel.heroku.com/reports?s=3qZBnp%2Fo7jZb%2BDZXx1A90ico6gFun7otAGDQGTH%2F8dQ%3D&sid=c46efe9b-d3d2-4a0c-8c76-bfafa16c5add&ts=1754492001"[\r][\n]"
16:53:22 [main] DEBUG org.apache.http.wire -  << "Server: Heroku[\r][\n]"
16:53:22 [main] DEBUG org.apache.http.wire -  << "Via: 1.1 heroku-router[\r][\n]"
16:53:22 [main] DEBUG org.apache.http.wire -  << "X-Powered-By: Express[\r][\n]"
16:53:22 [main] DEBUG org.apache.http.wire -  << "[\r][\n]"
16:53:22 [main] DEBUG org.apache.http.impl.conn.DefaultClientConnection - Receiving response: HTTP/1.1 200 OK
16:53:22 [main] DEBUG org.apache.http.headers - << HTTP/1.1 200 OK
16:53:22 [main] DEBUG org.apache.http.headers - << Content-Length: 27
16:53:22 [main] DEBUG org.apache.http.headers - << Content-Type: application/json; charset=utf-8
16:53:22 [main] DEBUG org.apache.http.headers - << Date: Wed, 06 Aug 2025 14:53:21 GMT
16:53:22 [main] DEBUG org.apache.http.headers - << Etag: W/"1b-SMQs9VrMtkgWdVimBy3uz79/7Fs"
16:53:22 [main] DEBUG org.apache.http.headers - << Nel: {"report_to":"heroku-nel","response_headers":["Via"],"max_age":3600,"success_fraction":0.01,"failure_fraction":0.1}
16:53:22 [main] DEBUG org.apache.http.headers - << Report-To: {"group":"heroku-nel","endpoints":[{"url":"https://nel.heroku.com/reports?s=3qZBnp%2Fo7jZb%2BDZXx1A90ico6gFun7otAGDQGTH%2F8dQ%3D\u0026sid=c46efe9b-d3d2-4a0c-8c76-bfafa16c5add\u0026ts=1754492001"}],"max_age":3600}
16:53:22 [main] DEBUG org.apache.http.headers - << Reporting-Endpoints: heroku-nel="https://nel.heroku.com/reports?s=3qZBnp%2Fo7jZb%2BDZXx1A90ico6gFun7otAGDQGTH%2F8dQ%3D&sid=c46efe9b-d3d2-4a0c-8c76-bfafa16c5add&ts=1754492001"
16:53:22 [main] DEBUG org.apache.http.headers - << Server: Heroku
16:53:22 [main] DEBUG org.apache.http.headers - << Via: 1.1 heroku-router
16:53:22 [main] DEBUG org.apache.http.headers - << X-Powered-By: Express
16:53:22 [main] DEBUG org.apache.http.impl.client.DefaultHttpClient - Connection can be kept alive indefinitely
16:53:22 [main] DEBUG io.restassured.internal.RestAssuredHttpBuilder - Parsing response as: application/json; charset=utf-8
16:53:22 [main] DEBUG io.restassured.internal.RestAssuredHttpBuilder - Parsed data to instance of: class org.apache.http.conn.EofSensorInputStream
16:53:22 [main] DEBUG org.apache.http.wire -  << "{"token":"ec29561e20eb77a"}"
16:53:22 [main] DEBUG org.apache.http.impl.conn.BasicClientConnectionManager - Releasing connection org.apache.http.impl.conn.ManagedClientConnectionImpl@114b2414
16:53:22 [main] DEBUG org.apache.http.impl.conn.BasicClientConnectionManager - Connection can be kept alive indefinitely
Generated Token: ec29561e20eb77a
  &amp#27;[32mGiven &amp#27;[0m&amp#27;[32mUser has valid auth token&amp#27;[0m                           &amp#27;[90m# stepdefs.AuthenticationSteps.user_has_valid_auth_token()&amp#27;[0m
16:53:22 [main] DEBUG org.apache.http.impl.conn.BasicClientConnectionManager - Get connection for route {s}->https://restful-booker.herokuapp.com:443
16:53:22 [main] DEBUG org.apache.http.impl.conn.DefaultClientConnectionOperator - Connecting to restful-booker.herokuapp.com:443
16:53:22 [main] DEBUG org.apache.http.client.protocol.RequestAddCookies - CookieSpec selected: ignoreCookies
16:53:22 [main] DEBUG org.apache.http.client.protocol.RequestAuthCache - Auth cache not set in the context
16:53:22 [main] DEBUG org.apache.http.client.protocol.RequestTargetAuthentication - Target auth state: UNCHALLENGED
16:53:22 [main] DEBUG org.apache.http.client.protocol.RequestProxyAuthentication - Proxy auth state: UNCHALLENGED
16:53:22 [main] DEBUG org.apache.http.impl.client.DefaultHttpClient - Attempt 1 to execute request
16:53:22 [main] DEBUG org.apache.http.impl.conn.DefaultClientConnection - Sending request: POST /booking HTTP/1.1
16:53:22 [main] DEBUG org.apache.http.wire -  >> "POST /booking HTTP/1.1[\r][\n]"
16:53:22 [main] DEBUG org.apache.http.wire -  >> "Accept: */*[\r][\n]"
16:53:22 [main] DEBUG org.apache.http.wire -  >> "Content-Type: application/json[\r][\n]"
16:53:22 [main] DEBUG org.apache.http.wire -  >> "Content-Length: 173[\r][\n]"
16:53:22 [main] DEBUG org.apache.http.wire -  >> "Host: restful-booker.herokuapp.com[\r][\n]"
16:53:22 [main] DEBUG org.apache.http.wire -  >> "Connection: Keep-Alive[\r][\n]"
16:53:22 [main] DEBUG org.apache.http.wire -  >> "User-Agent: Apache-HttpClient/4.5.13 (Java/17.0.11)[\r][\n]"
16:53:22 [main] DEBUG org.apache.http.wire -  >> "Accept-Encoding: gzip,deflate[\r][\n]"
16:53:22 [main] DEBUG org.apache.http.wire -  >> "[\r][\n]"
16:53:22 [main] DEBUG org.apache.http.headers - >> POST /booking HTTP/1.1
16:53:22 [main] DEBUG org.apache.http.headers - >> Accept: */*
16:53:22 [main] DEBUG org.apache.http.headers - >> Content-Type: application/json
16:53:22 [main] DEBUG org.apache.http.headers - >> Content-Length: 173
16:53:22 [main] DEBUG org.apache.http.headers - >> Host: restful-booker.herokuapp.com
16:53:22 [main] DEBUG org.apache.http.headers - >> Connection: Keep-Alive
16:53:22 [main] DEBUG org.apache.http.headers - >> User-Agent: Apache-HttpClient/4.5.13 (Java/17.0.11)
16:53:22 [main] DEBUG org.apache.http.headers - >> Accept-Encoding: gzip,deflate
16:53:22 [main] DEBUG org.apache.http.wire -  >> "{"firstname":"Michael","lastname":"Jordan","totalprice":500,"depositpaid":true,"bookingdates":{"checkin":"2024-08-01","checkout":"2024-08-10"},"additionalneeds":"Breakfast"}"
16:53:22 [main] DEBUG org.apache.http.wire -  << "HTTP/1.1 200 OK[\r][\n]"
16:53:22 [main] DEBUG org.apache.http.wire -  << "Content-Length: 202[\r][\n]"
16:53:22 [main] DEBUG org.apache.http.wire -  << "Content-Type: application/json; charset=utf-8[\r][\n]"
16:53:22 [main] DEBUG org.apache.http.wire -  << "Date: Wed, 06 Aug 2025 14:53:22 GMT[\r][\n]"
16:53:22 [main] DEBUG org.apache.http.wire -  << "Etag: W/"ca-vlDk7tctmCcGU1EMg2c91avx588"[\r][\n]"
16:53:22 [main] DEBUG org.apache.http.wire -  << "Nel: {"report_to":"heroku-nel","response_headers":["Via"],"max_age":3600,"success_fraction":0.01,"failure_fraction":0.1}[\r][\n]"
16:53:22 [main] DEBUG org.apache.http.wire -  << "Report-To: {"group":"heroku-nel","endpoints":[{"url":"https://nel.heroku.com/reports?s=CEc3og0i0l%2FwauigMmLVW6J5fcf5uQamirZvYyqsW4s%3D\u0026sid=c46efe9b-d3d2-4a0c-8c76-bfafa16c5add\u0026ts=1754492002"}],"max_age":3600}[\r][\n]"
16:53:22 [main] DEBUG org.apache.http.wire -  << "Reporting-Endpoints: heroku-nel="https://nel.heroku.com/reports?s=CEc3og0i0l%2FwauigMmLVW6J5fcf5uQamirZvYyqsW4s%3D&sid=c46efe9b-d3d2-4a0c-8c76-bfafa16c5add&ts=1754492002"[\r][\n]"
16:53:22 [main] DEBUG org.apache.http.wire -  << "Server: Heroku[\r][\n]"
16:53:22 [main] DEBUG org.apache.http.wire -  << "Via: 1.1 heroku-router[\r][\n]"
16:53:22 [main] DEBUG org.apache.http.wire -  << "X-Powered-By: Express[\r][\n]"
16:53:22 [main] DEBUG org.apache.http.wire -  << "[\r][\n]"
16:53:22 [main] DEBUG org.apache.http.impl.conn.DefaultClientConnection - Receiving response: HTTP/1.1 200 OK
16:53:22 [main] DEBUG org.apache.http.headers - << HTTP/1.1 200 OK
16:53:22 [main] DEBUG org.apache.http.headers - << Content-Length: 202
16:53:22 [main] DEBUG org.apache.http.headers - << Content-Type: application/json; charset=utf-8
16:53:22 [main] DEBUG org.apache.http.headers - << Date: Wed, 06 Aug 2025 14:53:22 GMT
16:53:22 [main] DEBUG org.apache.http.headers - << Etag: W/"ca-vlDk7tctmCcGU1EMg2c91avx588"
16:53:22 [main] DEBUG org.apache.http.headers - << Nel: {"report_to":"heroku-nel","response_headers":["Via"],"max_age":3600,"success_fraction":0.01,"failure_fraction":0.1}
16:53:22 [main] DEBUG org.apache.http.headers - << Report-To: {"group":"heroku-nel","endpoints":[{"url":"https://nel.heroku.com/reports?s=CEc3og0i0l%2FwauigMmLVW6J5fcf5uQamirZvYyqsW4s%3D\u0026sid=c46efe9b-d3d2-4a0c-8c76-bfafa16c5add\u0026ts=1754492002"}],"max_age":3600}
16:53:22 [main] DEBUG org.apache.http.headers - << Reporting-Endpoints: heroku-nel="https://nel.heroku.com/reports?s=CEc3og0i0l%2FwauigMmLVW6J5fcf5uQamirZvYyqsW4s%3D&sid=c46efe9b-d3d2-4a0c-8c76-bfafa16c5add&ts=1754492002"
16:53:22 [main] DEBUG org.apache.http.headers - << Server: Heroku
16:53:22 [main] DEBUG org.apache.http.headers - << Via: 1.1 heroku-router
16:53:22 [main] DEBUG org.apache.http.headers - << X-Powered-By: Express
16:53:22 [main] DEBUG org.apache.http.impl.client.DefaultHttpClient - Connection can be kept alive indefinitely
16:53:22 [main] DEBUG io.restassured.internal.RestAssuredHttpBuilder - Parsing response as: application/json; charset=utf-8
16:53:22 [main] DEBUG io.restassured.internal.RestAssuredHttpBuilder - Parsed data to instance of: class org.apache.http.conn.EofSensorInputStream
16:53:22 [main] DEBUG org.apache.http.wire -  << "{"bookingid":1278,"booking":{"firstname":"Michael","lastname":"Jordan","totalprice":500,"depositpaid":true,"bookingdates":{"checkin":"2024-08-01","checkout":"2024-08-10"},"additionalneeds":"Breakfast"}}"
16:53:22 [main] DEBUG org.apache.http.impl.conn.BasicClientConnectionManager - Releasing connection org.apache.http.impl.conn.ManagedClientConnectionImpl@d677be9
16:53:22 [main] DEBUG org.apache.http.impl.conn.BasicClientConnectionManager - Connection can be kept alive indefinitely
Booking created with ID: 1278
  &amp#27;[32mGiven &amp#27;[0m&amp#27;[32mUser creates a new booking with data &amp#27;[0m&amp#27;[32m&amp#27;[1m"validBooking"&amp#27;[0m &amp#27;[90m# stepdefs.PatchBookingSteps.userCreatesANewBookingWithData(java.lang.String)&amp#27;[0m
16:53:22 [main] DEBUG org.apache.http.impl.conn.BasicClientConnectionManager - Get connection for route {s}->https://restful-booker.herokuapp.com:443
16:53:22 [main] DEBUG org.apache.http.impl.conn.DefaultClientConnectionOperator - Connecting to restful-booker.herokuapp.com:443
16:53:23 [main] DEBUG org.apache.http.client.protocol.RequestAddCookies - CookieSpec selected: ignoreCookies
16:53:23 [main] DEBUG org.apache.http.client.protocol.RequestAuthCache - Auth cache not set in the context
16:53:23 [main] DEBUG org.apache.http.client.protocol.RequestTargetAuthentication - Target auth state: UNCHALLENGED
16:53:23 [main] DEBUG org.apache.http.client.protocol.RequestProxyAuthentication - Proxy auth state: UNCHALLENGED
16:53:23 [main] DEBUG org.apache.http.impl.client.DefaultHttpClient - Attempt 1 to execute request
16:53:23 [main] DEBUG org.apache.http.impl.conn.DefaultClientConnection - Sending request: DELETE /booking/1278 HTTP/1.1
16:53:23 [main] DEBUG org.apache.http.wire -  >> "DELETE /booking/1278 HTTP/1.1[\r][\n]"
16:53:23 [main] DEBUG org.apache.http.wire -  >> "Content-Type: application/json[\r][\n]"
16:53:23 [main] DEBUG org.apache.http.wire -  >> "Accept: */*[\r][\n]"
16:53:23 [main] DEBUG org.apache.http.wire -  >> "Host: restful-booker.herokuapp.com[\r][\n]"
16:53:23 [main] DEBUG org.apache.http.wire -  >> "Connection: Keep-Alive[\r][\n]"
16:53:23 [main] DEBUG org.apache.http.wire -  >> "User-Agent: Apache-HttpClient/4.5.13 (Java/17.0.11)[\r][\n]"
16:53:23 [main] DEBUG org.apache.http.wire -  >> "Accept-Encoding: gzip,deflate[\r][\n]"
16:53:23 [main] DEBUG org.apache.http.wire -  >> "[\r][\n]"
16:53:23 [main] DEBUG org.apache.http.headers - >> DELETE /booking/1278 HTTP/1.1
16:53:23 [main] DEBUG org.apache.http.headers - >> Content-Type: application/json
16:53:23 [main] DEBUG org.apache.http.headers - >> Accept: */*
16:53:23 [main] DEBUG org.apache.http.headers - >> Host: restful-booker.herokuapp.com
16:53:23 [main] DEBUG org.apache.http.headers - >> Connection: Keep-Alive
16:53:23 [main] DEBUG org.apache.http.headers - >> User-Agent: Apache-HttpClient/4.5.13 (Java/17.0.11)
16:53:23 [main] DEBUG org.apache.http.headers - >> Accept-Encoding: gzip,deflate
16:53:23 [main] DEBUG org.apache.http.wire -  << "HTTP/1.1 403 Forbidden[\r][\n]"
16:53:23 [main] DEBUG org.apache.http.wire -  << "Content-Length: 9[\r][\n]"
16:53:23 [main] DEBUG org.apache.http.wire -  << "Content-Type: text/plain; charset=utf-8[\r][\n]"
16:53:23 [main] DEBUG org.apache.http.wire -  << "Date: Wed, 06 Aug 2025 14:53:23 GMT[\r][\n]"
16:53:23 [main] DEBUG org.apache.http.wire -  << "Etag: W/"9-PatfYBLj4Um1qTm5zrukoLhNyPU"[\r][\n]"
16:53:23 [main] DEBUG org.apache.http.wire -  << "Nel: {"report_to":"heroku-nel","response_headers":["Via"],"max_age":3600,"success_fraction":0.01,"failure_fraction":0.1}[\r][\n]"
16:53:23 [main] DEBUG org.apache.http.wire -  << "Report-To: {"group":"heroku-nel","endpoints":[{"url":"https://nel.heroku.com/reports?s=WOZO7bggOC5SO6SwBiypZpica4U40uH%2FSyhI7wRrRag%3D\u0026sid=c46efe9b-d3d2-4a0c-8c76-bfafa16c5add\u0026ts=1754492003"}],"max_age":3600}[\r][\n]"
16:53:23 [main] DEBUG org.apache.http.wire -  << "Reporting-Endpoints: heroku-nel="https://nel.heroku.com/reports?s=WOZO7bggOC5SO6SwBiypZpica4U40uH%2FSyhI7wRrRag%3D&sid=c46efe9b-d3d2-4a0c-8c76-bfafa16c5add&ts=1754492003"[\r][\n]"
16:53:23 [main] DEBUG org.apache.http.wire -  << "Server: Heroku[\r][\n]"
16:53:23 [main] DEBUG org.apache.http.wire -  << "Via: 1.1 heroku-router[\r][\n]"
16:53:23 [main] DEBUG org.apache.http.wire -  << "X-Powered-By: Express[\r][\n]"
16:53:23 [main] DEBUG org.apache.http.wire -  << "[\r][\n]"
16:53:23 [main] DEBUG org.apache.http.impl.conn.DefaultClientConnection - Receiving response: HTTP/1.1 403 Forbidden
16:53:23 [main] DEBUG org.apache.http.headers - << HTTP/1.1 403 Forbidden
16:53:23 [main] DEBUG org.apache.http.headers - << Content-Length: 9
16:53:23 [main] DEBUG org.apache.http.headers - << Content-Type: text/plain; charset=utf-8
16:53:23 [main] DEBUG org.apache.http.headers - << Date: Wed, 06 Aug 2025 14:53:23 GMT
16:53:23 [main] DEBUG org.apache.http.headers - << Etag: W/"9-PatfYBLj4Um1qTm5zrukoLhNyPU"
16:53:23 [main] DEBUG org.apache.http.headers - << Nel: {"report_to":"heroku-nel","response_headers":["Via"],"max_age":3600,"success_fraction":0.01,"failure_fraction":0.1}
16:53:23 [main] DEBUG org.apache.http.headers - << Report-To: {"group":"heroku-nel","endpoints":[{"url":"https://nel.heroku.com/reports?s=WOZO7bggOC5SO6SwBiypZpica4U40uH%2FSyhI7wRrRag%3D\u0026sid=c46efe9b-d3d2-4a0c-8c76-bfafa16c5add\u0026ts=1754492003"}],"max_age":3600}
16:53:23 [main] DEBUG org.apache.http.headers - << Reporting-Endpoints: heroku-nel="https://nel.heroku.com/reports?s=WOZO7bggOC5SO6SwBiypZpica4U40uH%2FSyhI7wRrRag%3D&sid=c46efe9b-d3d2-4a0c-8c76-bfafa16c5add&ts=1754492003"
16:53:23 [main] DEBUG org.apache.http.headers - << Server: Heroku
16:53:23 [main] DEBUG org.apache.http.headers - << Via: 1.1 heroku-router
16:53:23 [main] DEBUG org.apache.http.headers - << X-Powered-By: Express
16:53:23 [main] DEBUG org.apache.http.impl.client.DefaultHttpClient - Connection can be kept alive indefinitely
16:53:23 [main] DEBUG io.restassured.internal.RestAssuredHttpBuilder - Parsing response as: text/plain; charset=utf-8
16:53:23 [main] DEBUG io.restassured.internal.RestAssuredHttpBuilder - Parsed data to instance of: class org.apache.http.conn.EofSensorInputStream
  &amp#27;[32mWhen &amp#27;[0m&amp#27;[32mUser deletes booking without authentication&amp#27;[0m          &amp#27;[90m# stepdefs.DeleteBookingSteps.delete_without_auth()&amp#27;[0m
  &amp#27;[32mThen &amp#27;[0m&amp#27;[32mBooking delete response status should be &amp#27;[0m&amp#27;[32m&amp#27;[1m403&amp#27;[0m         &amp#27;[90m# stepdefs.DeleteBookingSteps.delete_response_status(int)&amp#27;[0m
]]></system-out>
  </testcase>
  <testcase name="runScenario[&quot;Retrieve all booking IDs without filters&quot;, &quot;GET API Tests&quot;](4)" classname="runners.TestRunner" time="2.556">
    <system-out><![CDATA[
Scenario: Retrieve all booking IDs without filters   &amp#27;[90m# src/test/resources/features/GetBooking.feature:8&amp#27;[0m
16:53:23 [main] DEBUG org.apache.http.impl.conn.BasicClientConnectionManager - Get connection for route {s}->https://restful-booker.herokuapp.com:443
16:53:23 [main] DEBUG org.apache.http.impl.conn.DefaultClientConnectionOperator - Connecting to restful-booker.herokuapp.com:443
16:53:24 [main] DEBUG org.apache.http.client.protocol.RequestAddCookies - CookieSpec selected: ignoreCookies
16:53:24 [main] DEBUG org.apache.http.client.protocol.RequestAuthCache - Auth cache not set in the context
16:53:24 [main] DEBUG org.apache.http.client.protocol.RequestTargetAuthentication - Target auth state: UNCHALLENGED
16:53:24 [main] DEBUG org.apache.http.client.protocol.RequestProxyAuthentication - Proxy auth state: UNCHALLENGED
16:53:24 [main] DEBUG org.apache.http.impl.client.DefaultHttpClient - Attempt 1 to execute request
16:53:24 [main] DEBUG org.apache.http.impl.conn.DefaultClientConnection - Sending request: POST /auth HTTP/1.1
16:53:24 [main] DEBUG org.apache.http.wire -  >> "POST /auth HTTP/1.1[\r][\n]"
16:53:24 [main] DEBUG org.apache.http.wire -  >> "Accept: */*[\r][\n]"
16:53:24 [main] DEBUG org.apache.http.wire -  >> "Content-Type: application/json[\r][\n]"
16:53:24 [main] DEBUG org.apache.http.wire -  >> "Content-Length: 45[\r][\n]"
16:53:24 [main] DEBUG org.apache.http.wire -  >> "Host: restful-booker.herokuapp.com[\r][\n]"
16:53:24 [main] DEBUG org.apache.http.wire -  >> "Connection: Keep-Alive[\r][\n]"
16:53:24 [main] DEBUG org.apache.http.wire -  >> "User-Agent: Apache-HttpClient/4.5.13 (Java/17.0.11)[\r][\n]"
16:53:24 [main] DEBUG org.apache.http.wire -  >> "Accept-Encoding: gzip,deflate[\r][\n]"
16:53:24 [main] DEBUG org.apache.http.wire -  >> "[\r][\n]"
16:53:24 [main] DEBUG org.apache.http.headers - >> POST /auth HTTP/1.1
16:53:24 [main] DEBUG org.apache.http.headers - >> Accept: */*
16:53:24 [main] DEBUG org.apache.http.headers - >> Content-Type: application/json
16:53:24 [main] DEBUG org.apache.http.headers - >> Content-Length: 45
16:53:24 [main] DEBUG org.apache.http.headers - >> Host: restful-booker.herokuapp.com
16:53:24 [main] DEBUG org.apache.http.headers - >> Connection: Keep-Alive
16:53:24 [main] DEBUG org.apache.http.headers - >> User-Agent: Apache-HttpClient/4.5.13 (Java/17.0.11)
16:53:24 [main] DEBUG org.apache.http.headers - >> Accept-Encoding: gzip,deflate
16:53:24 [main] DEBUG org.apache.http.wire -  >> "{"username":"admin","password":"password123"}"
16:53:24 [main] DEBUG org.apache.http.wire -  << "HTTP/1.1 200 OK[\r][\n]"
16:53:24 [main] DEBUG org.apache.http.wire -  << "Content-Length: 27[\r][\n]"
16:53:24 [main] DEBUG org.apache.http.wire -  << "Content-Type: application/json; charset=utf-8[\r][\n]"
16:53:24 [main] DEBUG org.apache.http.wire -  << "Date: Wed, 06 Aug 2025 14:53:24 GMT[\r][\n]"
16:53:24 [main] DEBUG org.apache.http.wire -  << "Etag: W/"1b-rG4e4nu2KbjZ04qajhTgtC+V/bg"[\r][\n]"
16:53:24 [main] DEBUG org.apache.http.wire -  << "Nel: {"report_to":"heroku-nel","response_headers":["Via"],"max_age":3600,"success_fraction":0.01,"failure_fraction":0.1}[\r][\n]"
16:53:24 [main] DEBUG org.apache.http.wire -  << "Report-To: {"group":"heroku-nel","endpoints":[{"url":"https://nel.heroku.com/reports?s=ZAoeSNU0BHfPio6tvm1Uhydyv5kkTtp1%2Fvv%2FUCP%2BWj0%3D\u0026sid=c46efe9b-d3d2-4a0c-8c76-bfafa16c5add\u0026ts=1754492004"}],"max_age":3600}[\r][\n]"
16:53:24 [main] DEBUG org.apache.http.wire -  << "Reporting-Endpoints: heroku-nel="https://nel.heroku.com/reports?s=ZAoeSNU0BHfPio6tvm1Uhydyv5kkTtp1%2Fvv%2FUCP%2BWj0%3D&sid=c46efe9b-d3d2-4a0c-8c76-bfafa16c5add&ts=1754492004"[\r][\n]"
16:53:24 [main] DEBUG org.apache.http.wire -  << "Server: Heroku[\r][\n]"
16:53:24 [main] DEBUG org.apache.http.wire -  << "Via: 1.1 heroku-router[\r][\n]"
16:53:24 [main] DEBUG org.apache.http.wire -  << "X-Powered-By: Express[\r][\n]"
16:53:24 [main] DEBUG org.apache.http.wire -  << "[\r][\n]"
16:53:24 [main] DEBUG org.apache.http.impl.conn.DefaultClientConnection - Receiving response: HTTP/1.1 200 OK
16:53:24 [main] DEBUG org.apache.http.headers - << HTTP/1.1 200 OK
16:53:24 [main] DEBUG org.apache.http.headers - << Content-Length: 27
16:53:24 [main] DEBUG org.apache.http.headers - << Content-Type: application/json; charset=utf-8
16:53:24 [main] DEBUG org.apache.http.headers - << Date: Wed, 06 Aug 2025 14:53:24 GMT
16:53:24 [main] DEBUG org.apache.http.headers - << Etag: W/"1b-rG4e4nu2KbjZ04qajhTgtC+V/bg"
16:53:24 [main] DEBUG org.apache.http.headers - << Nel: {"report_to":"heroku-nel","response_headers":["Via"],"max_age":3600,"success_fraction":0.01,"failure_fraction":0.1}
16:53:24 [main] DEBUG org.apache.http.headers - << Report-To: {"group":"heroku-nel","endpoints":[{"url":"https://nel.heroku.com/reports?s=ZAoeSNU0BHfPio6tvm1Uhydyv5kkTtp1%2Fvv%2FUCP%2BWj0%3D\u0026sid=c46efe9b-d3d2-4a0c-8c76-bfafa16c5add\u0026ts=1754492004"}],"max_age":3600}
16:53:24 [main] DEBUG org.apache.http.headers - << Reporting-Endpoints: heroku-nel="https://nel.heroku.com/reports?s=ZAoeSNU0BHfPio6tvm1Uhydyv5kkTtp1%2Fvv%2FUCP%2BWj0%3D&sid=c46efe9b-d3d2-4a0c-8c76-bfafa16c5add&ts=1754492004"
16:53:24 [main] DEBUG org.apache.http.headers - << Server: Heroku
16:53:24 [main] DEBUG org.apache.http.headers - << Via: 1.1 heroku-router
16:53:24 [main] DEBUG org.apache.http.headers - << X-Powered-By: Express
16:53:24 [main] DEBUG org.apache.http.impl.client.DefaultHttpClient - Connection can be kept alive indefinitely
16:53:24 [main] DEBUG io.restassured.internal.RestAssuredHttpBuilder - Parsing response as: application/json; charset=utf-8
16:53:24 [main] DEBUG io.restassured.internal.RestAssuredHttpBuilder - Parsed data to instance of: class org.apache.http.conn.EofSensorInputStream
16:53:24 [main] DEBUG org.apache.http.wire -  << "{"token":"ab30a5615babae9"}"
16:53:24 [main] DEBUG org.apache.http.impl.conn.BasicClientConnectionManager - Releasing connection org.apache.http.impl.conn.ManagedClientConnectionImpl@58068b40
16:53:24 [main] DEBUG org.apache.http.impl.conn.BasicClientConnectionManager - Connection can be kept alive indefinitely
Generated Token: ab30a5615babae9
  &amp#27;[32mGiven &amp#27;[0m&amp#27;[32mUser has valid auth token&amp#27;[0m                    &amp#27;[90m# stepdefs.AuthenticationSteps.user_has_valid_auth_token()&amp#27;[0m
16:53:24 [main] DEBUG org.apache.http.impl.conn.BasicClientConnectionManager - Get connection for route {s}->https://restful-booker.herokuapp.com:443
16:53:24 [main] DEBUG org.apache.http.impl.conn.DefaultClientConnectionOperator - Connecting to restful-booker.herokuapp.com:443
16:53:25 [main] DEBUG org.apache.http.client.protocol.RequestAddCookies - CookieSpec selected: ignoreCookies
16:53:25 [main] DEBUG org.apache.http.client.protocol.RequestAuthCache - Auth cache not set in the context
16:53:25 [main] DEBUG org.apache.http.client.protocol.RequestTargetAuthentication - Target auth state: UNCHALLENGED
16:53:25 [main] DEBUG org.apache.http.client.protocol.RequestProxyAuthentication - Proxy auth state: UNCHALLENGED
16:53:25 [main] DEBUG org.apache.http.impl.client.DefaultHttpClient - Attempt 1 to execute request
16:53:25 [main] DEBUG org.apache.http.impl.conn.DefaultClientConnection - Sending request: GET /booking HTTP/1.1
16:53:25 [main] DEBUG org.apache.http.wire -  >> "GET /booking HTTP/1.1[\r][\n]"
16:53:25 [main] DEBUG org.apache.http.wire -  >> "Content-Type: application/json[\r][\n]"
16:53:25 [main] DEBUG org.apache.http.wire -  >> "Accept: */*[\r][\n]"
16:53:25 [main] DEBUG org.apache.http.wire -  >> "Host: restful-booker.herokuapp.com[\r][\n]"
16:53:25 [main] DEBUG org.apache.http.wire -  >> "Connection: Keep-Alive[\r][\n]"
16:53:25 [main] DEBUG org.apache.http.wire -  >> "User-Agent: Apache-HttpClient/4.5.13 (Java/17.0.11)[\r][\n]"
16:53:25 [main] DEBUG org.apache.http.wire -  >> "Accept-Encoding: gzip,deflate[\r][\n]"
16:53:25 [main] DEBUG org.apache.http.wire -  >> "[\r][\n]"
16:53:25 [main] DEBUG org.apache.http.headers - >> GET /booking HTTP/1.1
16:53:25 [main] DEBUG org.apache.http.headers - >> Content-Type: application/json
16:53:25 [main] DEBUG org.apache.http.headers - >> Accept: */*
16:53:25 [main] DEBUG org.apache.http.headers - >> Host: restful-booker.herokuapp.com
16:53:25 [main] DEBUG org.apache.http.headers - >> Connection: Keep-Alive
16:53:25 [main] DEBUG org.apache.http.headers - >> User-Agent: Apache-HttpClient/4.5.13 (Java/17.0.11)
16:53:25 [main] DEBUG org.apache.http.headers - >> Accept-Encoding: gzip,deflate
16:53:25 [main] DEBUG org.apache.http.wire -  << "HTTP/1.1 200 OK[\r][\n]"
16:53:25 [main] DEBUG org.apache.http.wire -  << "Content-Length: 16546[\r][\n]"
16:53:25 [main] DEBUG org.apache.http.wire -  << "Content-Type: application/json; charset=utf-8[\r][\n]"
16:53:25 [main] DEBUG org.apache.http.wire -  << "Date: Wed, 06 Aug 2025 14:53:25 GMT[\r][\n]"
16:53:25 [main] DEBUG org.apache.http.wire -  << "Etag: W/"40a2-h/V6U4znvPXf3GU0CFf79VL25mg"[\r][\n]"
16:53:25 [main] DEBUG org.apache.http.wire -  << "Nel: {"report_to":"heroku-nel","response_headers":["Via"],"max_age":3600,"success_fraction":0.01,"failure_fraction":0.1}[\r][\n]"
16:53:25 [main] DEBUG org.apache.http.wire -  << "Report-To: {"group":"heroku-nel","endpoints":[{"url":"https://nel.heroku.com/reports?s=IYRJOz2L%2Fo5WU62PvWkizjJrdr4lYCXjIbV1LfUSS88%3D\u0026sid=c46efe9b-d3d2-4a0c-8c76-bfafa16c5add\u0026ts=1754492005"}],"max_age":3600}[\r][\n]"
16:53:25 [main] DEBUG org.apache.http.wire -  << "Reporting-Endpoints: heroku-nel="https://nel.heroku.com/reports?s=IYRJOz2L%2Fo5WU62PvWkizjJrdr4lYCXjIbV1LfUSS88%3D&sid=c46efe9b-d3d2-4a0c-8c76-bfafa16c5add&ts=1754492005"[\r][\n]"
16:53:25 [main] DEBUG org.apache.http.wire -  << "Server: Heroku[\r][\n]"
16:53:25 [main] DEBUG org.apache.http.wire -  << "Via: 1.1 heroku-router[\r][\n]"
16:53:25 [main] DEBUG org.apache.http.wire -  << "X-Powered-By: Express[\r][\n]"
16:53:25 [main] DEBUG org.apache.http.wire -  << "[\r][\n]"
16:53:25 [main] DEBUG org.apache.http.impl.conn.DefaultClientConnection - Receiving response: HTTP/1.1 200 OK
16:53:25 [main] DEBUG org.apache.http.headers - << HTTP/1.1 200 OK
16:53:25 [main] DEBUG org.apache.http.headers - << Content-Length: 16546
16:53:25 [main] DEBUG org.apache.http.headers - << Content-Type: application/json; charset=utf-8
16:53:25 [main] DEBUG org.apache.http.headers - << Date: Wed, 06 Aug 2025 14:53:25 GMT
16:53:25 [main] DEBUG org.apache.http.headers - << Etag: W/"40a2-h/V6U4znvPXf3GU0CFf79VL25mg"
16:53:25 [main] DEBUG org.apache.http.headers - << Nel: {"report_to":"heroku-nel","response_headers":["Via"],"max_age":3600,"success_fraction":0.01,"failure_fraction":0.1}
16:53:25 [main] DEBUG org.apache.http.headers - << Report-To: {"group":"heroku-nel","endpoints":[{"url":"https://nel.heroku.com/reports?s=IYRJOz2L%2Fo5WU62PvWkizjJrdr4lYCXjIbV1LfUSS88%3D\u0026sid=c46efe9b-d3d2-4a0c-8c76-bfafa16c5add\u0026ts=1754492005"}],"max_age":3600}
16:53:25 [main] DEBUG org.apache.http.headers - << Reporting-Endpoints: heroku-nel="https://nel.heroku.com/reports?s=IYRJOz2L%2Fo5WU62PvWkizjJrdr4lYCXjIbV1LfUSS88%3D&sid=c46efe9b-d3d2-4a0c-8c76-bfafa16c5add&ts=1754492005"
16:53:25 [main] DEBUG org.apache.http.headers - << Server: Heroku
16:53:25 [main] DEBUG org.apache.http.headers - << Via: 1.1 heroku-router
16:53:25 [main] DEBUG org.apache.http.headers - << X-Powered-By: Express
16:53:25 [main] DEBUG org.apache.http.impl.client.DefaultHttpClient - Connection can be kept alive indefinitely
16:53:25 [main] DEBUG io.restassured.internal.RestAssuredHttpBuilder - Parsing response as: application/json; charset=utf-8
16:53:25 [main] DEBUG io.restassured.internal.RestAssuredHttpBuilder - Parsed data to instance of: class org.apache.http.conn.EofSensorInputStream
  &amp#27;[32mWhen &amp#27;[0m&amp#27;[32mUser requests all booking IDs without filters&amp#27;[0m &amp#27;[90m# stepdefs.GetBookingStepDefs.user_requests_all_booking_ids_without_filters()&amp#27;[0m
  &amp#27;[32mThen &amp#27;[0m&amp#27;[32mBooking response status should be &amp#27;[0m&amp#27;[32m&amp#27;[1m200&amp#27;[0m         &amp#27;[90m# stepdefs.GetBookingStepDefs.booking_response_status_should_be(int)&amp#27;[0m
16:53:25 [main] DEBUG org.apache.http.wire -  << "[{"bookingid":179},{"bookingid":842},{"bookingid":368},{"bookingid":121},{"bookingid":423},{"bookingid":523},{"bookingid":157},{"bookingid":986},{"bookingid":558},{"bookingid":977},{"bookingid":990},{"bookingid":912},{"bookingid":685},{"bookingid":225},{"bookingid":707},{"bookingid":229},{"bookingid":1280},{"bookingid":219},{"bookingid":1277},{"bookingid":509},{"bookingid":813},{"bookingid":1019},{"bookingid":1032},{"bookingid":258},{"bookingid":231},{"bookingid":441},{"bookingid":355},{"bookingid":978},{"bookingid":206},{"bookingid":1257},{"bookingid":260},{"bookingid":313},{"bookingid":173},{"bookingid":535},{"bookingid":1136},{"bookingid":846},{"bookingid":656},{"bookingid":386},{"bookingid":356},{"bookingid":409},{"bookingid":251},{"bookingid":71},{"bookingid":1165},{"bookingid":700},{"bookingid":820},{"bookingid":712},{"bookingid":392},{"bookingid":691},{"bookingid":1299},{"bookingid":81},{"bookingid":684},{"bookingid":350},{"bookingid":127},{"bookingid":528},{"bookingid":811},{"bookingid":1073},{"bookingid":966},{"bookingid":1007},{"bookingid":47},{"bookingid":70},{"bookingid":967},{"bookingid":1143},{"bookingid":114},{"bookingid":636},{"bookingid":30},{"bookingid":256},{"bookingid":1075},{"bookingid":751},{"bookingid":2},{"bookingid":73},{"bookingid":433},{"bookingid":821},{"bookingid":944},{"bookingid":242},{"bookingid":858},{"bookingid":1016},{"bookingid":787},{"bookingid":792},{"bookingid":1186},{"bookingid":745},{"bookingid":434},{"bookingid":405},{"bookingid":902},{"bookingid":357},{"bookingid":592},{"bookingid":761},{"bookingid":1273},{"bookingid":970},{"bookingid":425},{"bookingid":193},{"bookingid":829},{"bookingid":1229},{"bookingid":1014},{"bookingid":1145},{"bookingid":1295},{"bookingid":1207},{"bookingid":64},{"bookingid":68},{"bookingid":872},{"bookingid":687},{"bookingid":1237},{"bookingid":321},{"bookingid":1101},{"bookingid":485},{"bookingid":160},{"bookingid":137},{"bookingid":884},{"bookingid":564},{"bookingid":97},{"bookingid":86},{"bookingid":1266},{"bookingid":560},{"bookingid":1163},{"bookingid":938},{"bookingid":694},{"bookingid":723},{"bookingid":650},{"bookingid":209},{"bookingid":17},{"bookingid":1182},{"bookingid":148},{"bookingid":551},{"bookingid":21},{"bookingid":309},{"bookingid":597},{"bookingid":91},{"bookingid":546},{"bookingid":222},{"bookingid":804},{"bookingid":631},{"bookingid":336},{"bookingid":438},{"bookingid":311},{"bookingid":673},{"bookingid":192},{"bookingid":1224},{"bookingid":316},{"bookingid":777},{"bookingid":861},{"bookingid":1044},{"bookingid":101},{"bookingid":322},{"bookingid":223},{"bookingid":1176},{"bookingid":756},{"bookingid":475},{"bookingid":56},{"bookingid":469},{"bookingid":525},{"bookingid":78},{"bookingid":95},{"bookingid":484},{"bookingid":80},{"bookingid":828},{"bookingid":334},{"bookingid":974},{"bookingid":1050},{"bookingid":542},{"bookingid":1024},{"bookingid":261},{"bookingid":1264},{"bookingid":1000},{"bookingid":1294},{"bookingid":539},{"bookingid":1203},{"bookingid":520},{"bookingid":574},{"bookingid":472},{"bookingid":515},{"bookingid":533},{"bookingid":281},{"bookingid":1196},{"bookingid":325},{"bookingid":736},{"bookingid":53},{"bookingid":132},{"bookingid":1070},{"bookingid":627},{"bookingid":408},{"bookingid":341},{"bookingid":363},{"bookingid":502},{"bookingid":329},{"bookingid":470},{"bookingid":1150},{"bookingid":297},{"bookingid":579},{"bookingid":989},{"bookingid":1055},{"bookingid":205},{"bookingid":1239},{"bookingid":49},{"bookingid":541},{"bookingid":615},{"bookingid":195},{"bookingid":1179},{"bookingid":351},{"bookingid":748},{"bookingid":500},{"bookingid":133},{"bookingid":646},{"bookingid":1130},{"bookingid":10},{"bookingid":376},{"bookingid":556},{"bookingid":134},{"bookingid":458},{"bookingid":568},{"bookingid":845},{"bookingid":1042},{"bookingid":98},{"bookingid":709},{"bookingid":99},{"bookingid":1211},{"bookingid":964},{"bookingid":1265},{"bookingid":232},{"bookingid":1189},{"bookingid":697},{"bookingid":1012},{"bookingid":1102},{"bookingid":1082},{"bookingid":479},{"bookingid":927},{"bookingid":274},{"bookingid":806},{"bookingid":1029},{"bookingid":476},{"bookingid":128},{"bookingid":16},{"bookingid":775},{"bookingid":1287},{"bookingid":589},{"bookingid":565},{"bookingid":11},{"bookingid":526},{"bookingid":1052},{"bookingid":1115},{"bookingid":52},{"bookingid":905},{"bookingid":517},{"bookingid":1119},{"bookingid":1281},{"bookingid":1121},{"bookingid":973},{"bookingid":661},{"bookingid":124},{"bookingid":1302},{"bookingid":366},{"bookingid":664},{"bookingid":1254},{"bookingid":1049},{"bookingid":1234},{"bookingid":233},{"bookingid":569},{"bookingid":586},{"bookingid":979},{"bookingid":530},{"bookingid":587},{"bookingid":730},{"bookingid":1144},{"bookingid":773},{"bookingid":1133},{"bookingid":727},{"bookingid":669},{"bookingid":279},{"bookingid":391},{"bookingid":483},{"bookingid":262},{"bookingid":939},{"bookingid":1223},{"bookingid":161},{"bookingid":686},{"bookingid":24},{"bookingid":446},{"bookingid":301},{"bookingid":739},{"bookingid":856},{"bookingid":175},{"bookingid":138},{"bookingid":1185},{"bookingid":628},{"bookingid":361},{"bookingid":849},{"bookingid":798},{"bookingid":720},{"bookingid":607},{"bookingid":1151},{"bookingid":111},{"bookingid":743},{"bookingid":880},{"bookingid":561},{"bookingid":997},{"bookingid":641},{"bookingid":1139},{"bookingid":1116},{"bookingid":1004},{"bookingid":145},{"bookingid":1152},{"bookingid":1090},{"bookingid":706},{"bookingid":444},{"bookingid":1298},{"bookingid":1015},{"bookingid":583},{"bookingid":916},{"bookingid":1071},{"bookingid":999},{"bookingid":324},{"bookingid":516},{"bookingid":993},{"bookingid":20},{"bookingid":961},{"bookingid":914},{"bookingid":208},{"bookingid":672},{"bookingid":547},{"bookingid":836},{"bookingid":457},{"bookingid":418},{"bookingid":1057},{"bookingid":362},{"bookingid":1172},{"bookingid":217},{"bookingid":599},{"bookingid":521},{"bookingid":285},{"bookingid":394},{"bookingid":603},{"bookingid":290},{"bookingid":616},{"bookingid":863},{"bookingid":186},{"bookingid":118},{"bookingid":929},{"bookingid":606},{"bookingid":920},{"bookingid":544},{"bookingid":156},{"bookingid":1132},{"bookingid":304},{"bookingid":35},{"bookingid":140},{"bookingid":893},{"bookingid":307},{"bookingid":122},{"bookingid":746},{"bookingid":228},{"bookingid":1256},{"bookingid":951},{"bookingid":612},{"bookingid":1275},{"bookingid":648},{"bookingid":55},{"bookingid":1214},{"bookingid":245},{"bookingid":1188},{"bookingid":59},{"bookingid":680},{"bookingid":113},{"bookingid":1260},{"bookingid":802},{"bookingid":937},{"bookingid":236},{"bookingid":625},{"bookingid":1173},{"bookingid":868},{"bookingid":578},{"bookingid":492},{"bookingid":42},{"bookingid":456},{"bookingid":46},{"bookingid":109},{"bookingid":663},{"bookingid":40},{"bookingid":57},{"bookingid":9},{"bookingid":865},{"bookingid":1122},{"bookingid":238},{"bookingid":660},{"bookingid":149},{"bookingid":1170},{"bookingid":295},{"bookingid":188},{"bookingid":972},{"bookingid":791},{"bookingid":754},{"bookingid":511},{"bookingid":107},{"bookingid":1194},{"bookingid":1066},{"bookingid":817},{"bookingid":1129},{"bookingid":675},{"bookingid":1083},{"bookingid":344},{"bookingid":771},{"bookingid":1278},{"bookingid":1059},{"bookingid":508},{"bookingid":716},{"bookingid":608},{"bookingid":4},{"bookingid":1242},{"bookingid":985},{"bookingid":763},{"bookingid":797},{"bookingid":1155},{"bookingid":1021},{"bookingid"
16:53:25 [main] DEBUG org.apache.http.wire -  << "":117},{"bookingid":27},{"bookingid":871},{"bookingid":199},{"bookingid":419},{"bookingid":512},{"bookingid":424},{"bookingid":839},{"bookingid":735},{"bookingid":450},{"bookingid":388},{"bookingid":76},{"bookingid":1184},{"bookingid":319},{"bookingid":958},{"bookingid":879},{"bookingid":638},{"bookingid":907},{"bookingid":348},{"bookingid":1202},{"bookingid":1208},{"bookingid":31},{"bookingid":103},{"bookingid":342},{"bookingid":67},{"bookingid":733},{"bookingid":981},{"bookingid":43},{"bookingid":770},{"bookingid":567},{"bookingid":447},{"bookingid":645},{"bookingid":1304},{"bookingid":126},{"bookingid":932},{"bookingid":741},{"bookingid":531},{"bookingid":1217},{"bookingid":296},{"bookingid":844},{"bookingid":1091},{"bookingid":144},{"bookingid":581},{"bookingid":375},{"bookingid":270},{"bookingid":1215},{"bookingid":749},{"bookingid":1227},{"bookingid":698},{"bookingid":459},{"bookingid":1270},{"bookingid":1252},{"bookingid":125},{"bookingid":1030},{"bookingid":63},{"bookingid":695},{"bookingid":742},{"bookingid":996},{"bookingid":783},{"bookingid":182},{"bookingid":759},{"bookingid":445},{"bookingid":1283},{"bookingid":317},{"bookingid":384},{"bookingid":37},{"bookingid":85},{"bookingid":692},{"bookingid":1100},{"bookingid":250},{"bookingid":1286},{"bookingid":158},{"bookingid":994},{"bookingid":1114},{"bookingid":665},{"bookingid":926},{"bookingid":769},{"bookingid":1031},{"bookingid":481},{"bookingid":286},{"bookingid":1261},{"bookingid":1210},{"bookingid":305},{"bookingid":381},{"bookingid":1235},{"bookingid":235},{"bookingid":901},{"bookingid":837},{"bookingid":428},{"bookingid":883},{"bookingid":1046},{"bookingid":1290},{"bookingid":982},{"bookingid":738},{"bookingid":653},{"bookingid":32},{"bookingid":809},{"bookingid":1216},{"bookingid":946},{"bookingid":1169},{"bookingid":1221},{"bookingid":29},{"bookingid":715},{"bookingid":1062},{"bookingid":840},{"bookingid":218},{"bookingid":266},{"bookingid":1291},{"bookingid":1013},{"bookingid":921},{"bookingid":965},{"bookingid":1251},{"bookingid":1138},{"bookingid":654},{"bookingid":377},{"bookingid":92},{"bookingid":432},{"bookingid":166},{"bookingid":1036},{"bookingid":1},{"bookingid":790},{"bookingid":904},{"bookingid":183},{"bookingid":33},{"bookingid":576},{"bookingid":354},{"bookingid":782},{"bookingid":864},{"bookingid":731},{"bookingid":1131},{"bookingid":367},{"bookingid":614},{"bookingid":54},{"bookingid":1039},{"bookingid":1245},{"bookingid":477},{"bookingid":463},{"bookingid":1246},{"bookingid":385},{"bookingid":1158},{"bookingid":259},{"bookingid":96},{"bookingid":14},{"bookingid":102},{"bookingid":240},{"bookingid":410},{"bookingid":412},{"bookingid":1271},{"bookingid":1180},{"bookingid":1162},{"bookingid":601},{"bookingid":1027},{"bookingid":247},{"bookingid":764},{"bookingid":123},{"bookingid":15},{"bookingid":23},{"bookingid":372},{"bookingid":1269},{"bookingid":194},{"bookingid":637},{"bookingid":722},{"bookingid":760},{"bookingid":1175},{"bookingid":1107},{"bookingid":931},{"bookingid":335},{"bookingid":954},{"bookingid":
[...]
16:54:01 [main] DEBUG org.apache.http.impl.conn.BasicClientConnectionManager - Get connection for route {s}->https://restful-booker.herokuapp.com:443
16:54:01 [main] DEBUG org.apache.http.impl.conn.DefaultClientConnectionOperator - Connecting to restful-booker.herokuapp.com:443
16:54:02 [main] DEBUG org.apache.http.client.protocol.RequestAddCookies - CookieSpec selected: ignoreCookies
16:54:02 [main] DEBUG org.apache.http.client.protocol.RequestAuthCache - Auth cache not set in the context
16:54:02 [main] DEBUG org.apache.http.client.protocol.RequestTargetAuthentication - Target auth state: UNCHALLENGED
16:54:02 [main] DEBUG org.apache.http.client.protocol.RequestProxyAuthentication - Proxy auth state: UNCHALLENGED
16:54:02 [main] DEBUG org.apache.http.impl.client.DefaultHttpClient - Attempt 1 to execute request
16:54:02 [main] DEBUG org.apache.http.impl.conn.DefaultClientConnection - Sending request: POST /booking HTTP/1.1
16:54:02 [main] DEBUG org.apache.http.wire -  >> "POST /booking HTTP/1.1[\r][\n]"
16:54:02 [main] DEBUG org.apache.http.wire -  >> "Accept: */*[\r][\n]"
16:54:02 [main] DEBUG org.apache.http.wire -  >> "Content-Type: application/json[\r][\n]"
16:54:02 [main] DEBUG org.apache.http.wire -  >> "Content-Length: 173[\r][\n]"
16:54:02 [main] DEBUG org.apache.http.wire -  >> "Host: restful-booker.herokuapp.com[\r][\n]"
16:54:02 [main] DEBUG org.apache.http.wire -  >> "Connection: Keep-Alive[\r][\n]"
16:54:02 [main] DEBUG org.apache.http.wire -  >> "User-Agent: Apache-HttpClient/4.5.13 (Java/17.0.11)[\r][\n]"
16:54:02 [main] DEBUG org.apache.http.wire -  >> "Accept-Encoding: gzip,deflate[\r][\n]"
16:54:02 [main] DEBUG org.apache.http.wire -  >> "[\r][\n]"
16:54:02 [main] DEBUG org.apache.http.headers - >> POST /booking HTTP/1.1
16:54:02 [main] DEBUG org.apache.http.headers - >> Accept: */*
16:54:02 [main] DEBUG org.apache.http.headers - >> Content-Type: application/json
16:54:02 [main] DEBUG org.apache.http.headers - >> Content-Length: 173
16:54:02 [main] DEBUG org.apache.http.headers - >> Host: restful-booker.herokuapp.com
16:54:02 [main] DEBUG org.apache.http.headers - >> Connection: Keep-Alive
16:54:02 [main] DEBUG org.apache.http.headers - >> User-Agent: Apache-HttpClient/4.5.13 (Java/17.0.11)
16:54:02 [main] DEBUG org.apache.http.headers - >> Accept-Encoding: gzip,deflate
16:54:02 [main] DEBUG org.apache.http.wire -  >> "{"firstname":"Michael","lastname":"Jordan","totalprice":500,"depositpaid":true,"bookingdates":{"checkin":"2024-08-01","checkout":"2024-08-10"},"additionalneeds":"Breakfast"}"
16:54:02 [main] DEBUG org.apache.http.wire -  << "HTTP/1.1 200 OK[\r][\n]"
16:54:02 [main] DEBUG org.apache.http.wire -  << "Content-Length: 202[\r][\n]"
16:54:02 [main] DEBUG org.apache.http.wire -  << "Content-Type: application/json; charset=utf-8[\r][\n]"
16:54:02 [main] DEBUG org.apache.http.wire -  << "Date: Wed, 06 Aug 2025 14:54:02 GMT[\r][\n]"
16:54:02 [main] DEBUG org.apache.http.wire -  << "Etag: W/"ca-5XgSQ+50CB8O5z4iv9CptZ377yM"[\r][\n]"
16:54:02 [main] DEBUG org.apache.http.wire -  << "Nel: {"report_to":"heroku-nel","response_headers":["Via"],"max_age":3600,"success_fraction":0.01,"failure_fraction":0.1}[\r][\n]"
16:54:02 [main] DEBUG org.apache.http.wire -  << "Report-To: {"group":"heroku-nel","endpoints":[{"url":"https://nel.heroku.com/reports?s=bzOpfSwyYAxpXRFjOVQKPGfGq7woX7kMFz1BNijC7Ok%3D\u0026sid=c46efe9b-d3d2-4a0c-8c76-bfafa16c5add\u0026ts=1754492042"}],"max_age":3600}[\r][\n]"
16:54:02 [main] DEBUG org.apache.http.wire -  << "Reporting-Endpoints: heroku-nel="https://nel.heroku.com/reports?s=bzOpfSwyYAxpXRFjOVQKPGfGq7woX7kMFz1BNijC7Ok%3D&sid=c46efe9b-d3d2-4a0c-8c76-bfafa16c5add&ts=1754492042"[\r][\n]"
16:54:02 [main] DEBUG org.apache.http.wire -  << "Server: Heroku[\r][\n]"
16:54:02 [main] DEBUG org.apache.http.wire -  << "Via: 1.1 heroku-router[\r][\n]"
16:54:02 [main] DEBUG org.apache.http.wire -  << "X-Powered-By: Express[\r][\n]"
16:54:02 [main] DEBUG org.apache.http.wire -  << "[\r][\n]"
16:54:02 [main] DEBUG org.apache.http.impl.conn.DefaultClientConnection - Receiving response: HTTP/1.1 200 OK
16:54:02 [main] DEBUG org.apache.http.headers - << HTTP/1.1 200 OK
16:54:02 [main] DEBUG org.apache.http.headers - << Content-Length: 202
16:54:02 [main] DEBUG org.apache.http.headers - << Content-Type: application/json; charset=utf-8
16:54:02 [main] DEBUG org.apache.http.headers - << Date: Wed, 06 Aug 2025 14:54:02 GMT
16:54:02 [main] DEBUG org.apache.http.headers - << Etag: W/"ca-5XgSQ+50CB8O5z4iv9CptZ377yM"
16:54:02 [main] DEBUG org.apache.http.headers - << Nel: {"report_to":"heroku-nel","response_headers":["Via"],"max_age":3600,"success_fraction":0.01,"failure_fraction":0.1}
16:54:02 [main] DEBUG org.apache.http.headers - << Report-To: {"group":"heroku-nel","endpoints":[{"url":"https://nel.heroku.com/reports?s=bzOpfSwyYAxpXRFjOVQKPGfGq7woX7kMFz1BNijC7Ok%3D\u0026sid=c46efe9b-d3d2-4a0c-8c76-bfafa16c5add\u0026ts=1754492042"}],"max_age":3600}
16:54:02 [main] DEBUG org.apache.http.headers - << Reporting-Endpoints: heroku-nel="https://nel.heroku.com/reports?s=bzOpfSwyYAxpXRFjOVQKPGfGq7woX7kMFz1BNijC7Ok%3D&sid=c46efe9b-d3d2-4a0c-8c76-bfafa16c5add&ts=1754492042"
16:54:02 [main] DEBUG org.apache.http.headers - << Server: Heroku
16:54:02 [main] DEBUG org.apache.http.headers - << Via: 1.1 heroku-router
16:54:02 [main] DEBUG org.apache.http.headers - << X-Powered-By: Express
16:54:02 [main] DEBUG org.apache.http.impl.client.DefaultHttpClient - Connection can be kept alive indefinitely
16:54:02 [main] DEBUG io.restassured.internal.RestAssuredHttpBuilder - Parsing response as: application/json; charset=utf-8
16:54:02 [main] DEBUG io.restassured.internal.RestAssuredHttpBuilder - Parsed data to instance of: class org.apache.http.conn.EofSensorInputStream
16:54:02 [main] DEBUG org.apache.http.wire -  << "{"bookingid":1619,"booking":{"firstname":"Michael","lastname":"Jordan","totalprice":500,"depositpaid":true,"bookingdates":{"checkin":"2024-08-01","checkout":"2024-08-10"},"additionalneeds":"Breakfast"}}"
16:54:02 [main] DEBUG org.apache.http.impl.conn.BasicClientConnectionManager - Releasing connection org.apache.http.impl.conn.ManagedClientConnectionImpl@125ba798
16:54:02 [main] DEBUG org.apache.http.impl.conn.BasicClientConnectionManager - Connection can be kept alive indefinitely
Booking created with ID: 1619
  &amp#27;[32mGiven &amp#27;[0m&amp#27;[32mUser creates a new booking with data &amp#27;[0m&amp#27;[32m&amp#27;[1m"validBooking"&amp#27;[0m                  &amp#27;[90m# stepdefs.PatchBookingSteps.userCreatesANewBookingWithData(java.lang.String)&amp#27;[0m
16:54:02 [main] DEBUG org.apache.http.impl.conn.BasicClientConnectionManager - Get connection for route {s}->https://restful-booker.herokuapp.com:443
16:54:02 [main] DEBUG org.apache.http.impl.conn.DefaultClientConnectionOperator - Connecting to restful-booker.herokuapp.com:443
16:54:03 [main] DEBUG org.apache.http.client.protocol.RequestAddCookies - CookieSpec selected: ignoreCookies
16:54:03 [main] DEBUG org.apache.http.client.protocol.RequestAuthCache - Auth cache not set in the context
16:54:03 [main] DEBUG org.apache.http.client.protocol.RequestTargetAuthentication - Target auth state: UNCHALLENGED
16:54:03 [main] DEBUG org.apache.http.client.protocol.RequestProxyAuthentication - Proxy auth state: UNCHALLENGED
16:54:03 [main] DEBUG org.apache.http.impl.client.DefaultHttpClient - Attempt 1 to execute request
16:54:03 [main] DEBUG org.apache.http.impl.conn.DefaultClientConnection - Sending request: PATCH /booking/1619 HTTP/1.1
16:54:03 [main] DEBUG org.apache.http.wire -  >> "PATCH /booking/1619 HTTP/1.1[\r][\n]"
16:54:03 [main] DEBUG org.apache.http.wire -  >> "Cookie: token=f76789122f7952e[\r][\n]"
16:54:03 [main] DEBUG org.apache.http.wire -  >> "Accept: */*[\r][\n]"
16:54:03 [main] DEBUG org.apache.http.wire -  >> "Content-Type: application/json[\r][\n]"
16:54:03 [main] DEBUG org.apache.http.wire -  >> "Content-Length: 49[\r][\n]"
16:54:03 [main] DEBUG org.apache.http.wire -  >> "Host: restful-booker.herokuapp.com[\r][\n]"
16:54:03 [main] DEBUG org.apache.http.wire -  >> "Connection: Keep-Alive[\r][\n]"
16:54:03 [main] DEBUG org.apache.http.wire -  >> "User-Agent: Apache-HttpClient/4.5.13 (Java/17.0.11)[\r][\n]"
16:54:03 [main] DEBUG org.apache.http.wire -  >> "Accept-Encoding: gzip,deflate[\r][\n]"
16:54:03 [main] DEBUG org.apache.http.wire -  >> "[\r][\n]"
16:54:03 [main] DEBUG org.apache.http.headers - >> PATCH /booking/1619 HTTP/1.1
16:54:03 [main] DEBUG org.apache.http.headers - >> Cookie: token=f76789122f7952e
16:54:03 [main] DEBUG org.apache.http.headers - >> Accept: */*
16:54:03 [main] DEBUG org.apache.http.headers - >> Content-Type: application/json
16:54:03 [main] DEBUG org.apache.http.headers - >> Content-Length: 49
16:54:03 [main] DEBUG org.apache.http.headers - >> Host: restful-booker.herokuapp.com
16:54:03 [main] DEBUG org.apache.http.headers - >> Connection: Keep-Alive
16:54:03 [main] DEBUG org.apache.http.headers - >> User-Agent: Apache-HttpClient/4.5.13 (Java/17.0.11)
16:54:03 [main] DEBUG org.apache.http.headers - >> Accept-Encoding: gzip,deflate
16:54:03 [main] DEBUG org.apache.http.wire -  >> "{"firstname":"Scottie","additionalneeds":"Lunch"}"
16:54:03 [main] DEBUG org.apache.http.wire -  << "HTTP/1.1 200 OK[\r][\n]"
16:54:03 [main] DEBUG org.apache.http.wire -  << "Content-Length: 169[\r][\n]"
16:54:03 [main] DEBUG org.apache.http.wire -  << "Content-Type: application/json; charset=utf-8[\r][\n]"
16:54:03 [main] DEBUG org.apache.http.wire -  << "Date: Wed, 06 Aug 2025 14:54:03 GMT[\r][\n]"
16:54:03 [main] DEBUG org.apache.http.wire -  << "Etag: W/"a9-CeXDvmlA/780349B4pjQt4R7uCU"[\r][\n]"
16:54:03 [main] DEBUG org.apache.http.wire -  << "Nel: {"report_to":"heroku-nel","response_headers":["Via"],"max_age":3600,"success_fraction":0.01,"failure_fraction":0.1}[\r][\n]"
16:54:03 [main] DEBUG org.apache.http.wire -  << "Report-To: {"group":"heroku-nel","endpoints":[{"url":"https://nel.heroku.com/reports?s=MhKUyiO2GJ82EW5HtxoLL%2FICfToRjm%2FoPNTbfGqMCxc%3D\u0026sid=c46efe9b-d3d2-4a0c-8c76-bfafa16c5add\u0026ts=1754492043"}],"max_age":3600}[\r][\n]"
16:54:03 [main] DEBUG org.apache.http.wire -  << "Reporting-Endpoints: heroku-nel="https://nel.heroku.com/reports?s=MhKUyiO2GJ82EW5HtxoLL%2FICfToRjm%2FoPNTbfGqMCxc%3D&sid=c46efe9b-d3d2-4a0c-8c76-bfafa16c5add&ts=1754492043"[\r][\n]"
16:54:03 [main] DEBUG org.apache.http.wire -  << "Server: Heroku[\r][\n]"
16:54:03 [main] DEBUG org.apache.http.wire -  << "Via: 1.1 heroku-router[\r][\n]"
16:54:03 [main] DEBUG org.apache.http.wire -  << "X-Powered-By: Express[\r][\n]"
16:54:03 [main] DEBUG org.apache.http.wire -  << "[\r][\n]"
16:54:03 [main] DEBUG org.apache.http.impl.conn.DefaultClientConnection - Receiving response: HTTP/1.1 200 OK
16:54:03 [main] DEBUG org.apache.http.headers - << HTTP/1.1 200 OK
16:54:03 [main] DEBUG org.apache.http.headers - << Content-Length: 169
16:54:03 [main] DEBUG org.apache.http.headers - << Content-Type: application/json; charset=utf-8
16:54:03 [main] DEBUG org.apache.http.headers - << Date: Wed, 06 Aug 2025 14:54:03 GMT
16:54:03 [main] DEBUG org.apache.http.headers - << Etag: W/"a9-CeXDvmlA/780349B4pjQt4R7uCU"
16:54:03 [main] DEBUG org.apache.http.headers - << Nel: {"report_to":"heroku-nel","response_headers":["Via"],"max_age":3600,"success_fraction":0.01,"failure_fraction":0.1}
16:54:03 [main] DEBUG org.apache.http.headers - << Report-To: {"group":"heroku-nel","endpoints":[{"url":"https://nel.heroku.com/reports?s=MhKUyiO2GJ82EW5HtxoLL%2FICfToRjm%2FoPNTbfGqMCxc%3D\u0026sid=c46efe9b-d3d2-4a0c-8c76-bfafa16c5add\u0026ts=1754492043"}],"max_age":3600}
16:54:03 [main] DEBUG org.apache.http.headers - << Reporting-Endpoints: heroku-nel="https://nel.heroku.com/reports?s=MhKUyiO2GJ82EW5HtxoLL%2FICfToRjm%2FoPNTbfGqMCxc%3D&sid=c46efe9b-d3d2-4a0c-8c76-bfafa16c5add&ts=1754492043"
16:54:03 [main] DEBUG org.apache.http.headers - << Server: Heroku
16:54:03 [main] DEBUG org.apache.http.headers - << Via: 1.1 heroku-router
16:54:03 [main] DEBUG org.apache.http.headers - << X-Powered-By: Express
16:54:03 [main] DEBUG org.apache.http.impl.client.DefaultHttpClient - Connection can be kept alive indefinitely
16:54:03 [main] DEBUG io.restassured.internal.RestAssuredHttpBuilder - Parsing response as: application/json; charset=utf-8
16:54:03 [main] DEBUG io.restassured.internal.RestAssuredHttpBuilder - Parsed data to instance of: class org.apache.http.conn.EofSensorInputStream
16:54:03 [main] DEBUG org.apache.http.impl.conn.BasicClientConnectionManager - Get connection for route {s}->https://restful-booker.herokuapp.com:443
16:54:03 [main] DEBUG org.apache.http.impl.conn.DefaultClientConnectionOperator - Connecting to restful-booker.herokuapp.com:443
16:54:04 [main] DEBUG org.apache.http.client.protocol.RequestAddCookies - CookieSpec selected: ignoreCookies
16:54:04 [main] DEBUG org.apache.http.client.protocol.RequestAuthCache - Auth cache not set in the context
16:54:04 [main] DEBUG org.apache.http.client.protocol.RequestTargetAuthentication - Target auth state: UNCHALLENGED
16:54:04 [main] DEBUG org.apache.http.client.protocol.RequestProxyAuthentication - Proxy auth state: UNCHALLENGED
16:54:04 [main] DEBUG org.apache.http.impl.client.DefaultHttpClient - Attempt 1 to execute request
16:54:04 [main] DEBUG org.apache.http.impl.conn.DefaultClientConnection - Sending request: PATCH /booking/1619 HTTP/1.1
16:54:04 [main] DEBUG org.apache.http.wire -  >> "PATCH /booking/1619 HTTP/1.1[\r][\n]"
16:54:04 [main] DEBUG org.apache.http.wire -  >> "Cookie: token=f76789122f7952e[\r][\n]"
16:54:04 [main] DEBUG org.apache.http.wire -  >> "Accept: */*[\r][\n]"
16:54:04 [main] DEBUG org.apache.http.wire -  >> "Content-Type: application/json[\r][\n]"
16:54:04 [main] DEBUG org.apache.http.wire -  >> "Content-Length: 49[\r][\n]"
16:54:04 [main] DEBUG org.apache.http.wire -  >> "Host: restful-booker.herokuapp.com[\r][\n]"
16:54:04 [main] DEBUG org.apache.http.wire -  >> "Connection: Keep-Alive[\r][\n]"
16:54:04 [main] DEBUG org.apache.http.wire -  >> "User-Agent: Apache-HttpClient/4.5.13 (Java/17.0.11)[\r][\n]"
16:54:04 [main] DEBUG org.apache.http.wire -  >> "Accept-Encoding: gzip,deflate[\r][\n]"
16:54:04 [main] DEBUG org.apache.http.wire -  >> "[\r][\n]"
16:54:04 [main] DEBUG org.apache.http.headers - >> PATCH /booking/1619 HTTP/1.1
16:54:04 [main] DEBUG org.apache.http.headers - >> Cookie: token=f76789122f7952e
16:54:04 [main] DEBUG org.apache.http.headers - >> Accept: */*
16:54:04 [main] DEBUG org.apache.http.headers - >> Content-Type: application/json
16:54:04 [main] DEBUG org.apache.http.headers - >> Content-Length: 49
16:54:04 [main] DEBUG org.apache.http.headers - >> Host: restful-booker.herokuapp.com
16:54:04 [main] DEBUG org.apache.http.headers - >> Connection: Keep-Alive
16:54:04 [main] DEBUG org.apache.http.headers - >> User-Agent: Apache-HttpClient/4.5.13 (Java/17.0.11)
16:54:04 [main] DEBUG org.apache.http.headers - >> Accept-Encoding: gzip,deflate
16:54:04 [main] DEBUG org.apache.http.wire -  >> "{"firstname":"Scottie","additionalneeds":"Lunch"}"
16:54:04 [main] DEBUG org.apache.http.wire -  << "HTTP/1.1 200 OK[\r][\n]"
16:54:04 [main] DEBUG org.apache.http.wire -  << "Content-Length: 169[\r][\n]"
16:54:04 [main] DEBUG org.apache.http.wire -  << "Content-Type: application/json; charset=utf-8[\r][\n]"
16:54:04 [main] DEBUG org.apache.http.wire -  << "Date: Wed, 06 Aug 2025 14:54:04 GMT[\r][\n]"
16:54:04 [main] DEBUG org.apache.http.wire -  << "Etag: W/"a9-CeXDvmlA/780349B4pjQt4R7uCU"[\r][\n]"
16:54:04 [main] DEBUG org.apache.http.wire -  << "Nel: {"report_to":"heroku-nel","response_headers":["Via"],"max_age":3600,"success_fraction":0.01,"failure_fraction":0.1}[\r][\n]"
16:54:04 [main] DEBUG org.apache.http.wire -  << "Report-To: {"group":"heroku-nel","endpoints":[{"url":"https://nel.heroku.com/reports?s=RjYYeDVcetKpZI0J6hfFuf8wzkt1C%2BYDM5MrHyV29XE%3D\u0026sid=c46efe9b-d3d2-4a0c-8c76-bfafa16c5add\u0026ts=1754492044"}],"max_age":3600}[\r][\n]"
16:54:04 [main] DEBUG org.apache.http.wire -  << "Reporting-Endpoints: heroku-nel="https://nel.heroku.com/reports?s=RjYYeDVcetKpZI0J6hfFuf8wzkt1C%2BYDM5MrHyV29XE%3D&sid=c46efe9b-d3d2-4a0c-8c76-bfafa16c5add&ts=1754492044"[\r][\n]"
16:54:04 [main] DEBUG org.apache.http.wire -  << "Server: Heroku[\r][\n]"
16:54:04 [main] DEBUG org.apache.http.wire -  << "Via: 1.1 heroku-router[\r][\n]"
16:54:04 [main] DEBUG org.apache.http.wire -  << "X-Powered-By: Express[\r][\n]"
16:54:04 [main] DEBUG org.apache.http.wire -  << "[\r][\n]"
16:54:04 [main] DEBUG org.apache.http.impl.conn.DefaultClientConnection - Receiving response: HTTP/1.1 200 OK
16:54:04 [main] DEBUG org.apache.http.headers - << HTTP/1.1 200 OK
16:54:04 [main] DEBUG org.apache.http.headers - << Content-Length: 169
16:54:04 [main] DEBUG org.apache.http.headers - << Content-Type: application/json; charset=utf-8
16:54:04 [main] DEBUG org.apache.http.headers - << Date: Wed, 06 Aug 2025 14:54:04 GMT
16:54:04 [main] DEBUG org.apache.http.headers - << Etag: W/"a9-CeXDvmlA/780349B4pjQt4R7uCU"
16:54:04 [main] DEBUG org.apache.http.headers - << Nel: {"report_to":"heroku-nel","response_headers":["Via"],"max_age":3600,"success_fraction":0.01,"failure_fraction":0.1}
16:54:04 [main] DEBUG org.apache.http.headers - << Report-To: {"group":"heroku-nel","endpoints":[{"url":"https://nel.heroku.com/reports?s=RjYYeDVcetKpZI0J6hfFuf8wzkt1C%2BYDM5MrHyV29XE%3D\u0026sid=c46efe9b-d3d2-4a0c-8c76-bfafa16c5add\u0026ts=1754492044"}],"max_age":3600}
16:54:04 [main] DEBUG org.apache.http.headers - << Reporting-Endpoints: heroku-nel="https://nel.heroku.com/reports?s=RjYYeDVcetKpZI0J6hfFuf8wzkt1C%2BYDM5MrHyV29XE%3D&sid=c46efe9b-d3d2-4a0c-8c76-bfafa16c5add&ts=1754492044"
16:54:04 [main] DEBUG org.apache.http.headers - << Server: Heroku
16:54:04 [main] DEBUG org.apache.http.headers - << Via: 1.1 heroku-router
16:54:04 [main] DEBUG org.apache.http.headers - << X-Powered-By: Express
16:54:04 [main] DEBUG org.apache.http.impl.client.DefaultHttpClient - Connection can be kept alive indefinitely
16:54:04 [main] DEBUG io.restassured.internal.RestAssuredHttpBuilder - Parsing response as: application/json; charset=utf-8
16:54:04 [main] DEBUG io.restassured.internal.RestAssuredHttpBuilder - Parsed data to instance of: class org.apache.http.conn.EofSensorInputStream
16:54:04 [main] DEBUG org.apache.http.wire -  << "{"firstname":"Scottie","lastname":"Jordan","totalprice":500,"depositpaid":true,"bookingdates":{"checkin":"2024-08-01","checkout":"2024-08-10"},"additionalneeds":"Lunch"}"
16:54:04 [main] DEBUG org.apache.http.impl.conn.BasicClientConnectionManager - Releasing connection org.apache.http.impl.conn.ManagedClientConnectionImpl@4db45d
16:54:04 [main] DEBUG org.apache.http.impl.conn.BasicClientConnectionManager - Connection can be kept alive indefinitely
16:54:04 [main] DEBUG org.apache.http.wire -  << "{"firstname":"Scottie","lastname":"Jordan","totalprice":500,"depositpaid":true,"bookingdates":{"checkin":"2024-08-01","checkout":"2024-08-10"},"additionalneeds":"Lunch"}"
16:54:04 [main] DEBUG org.apache.http.impl.conn.BasicClientConnectionManager - Releasing connection org.apache.http.impl.conn.ManagedClientConnectionImpl@89178b4
16:54:04 [main] DEBUG org.apache.http.impl.conn.BasicClientConnectionManager - Connection can be kept alive indefinitely
  &amp#27;[32mWhen &amp#27;[0m&amp#27;[32mUser partially updates booking with data &amp#27;[0m&amp#27;[32m&amp#27;[1m"partialUpdateBooking"&amp#27;[0m&amp#27;[32m twice&amp#27;[0m &amp#27;[90m# stepdefs.PatchBookingSteps.idempotent_update_twice(java.lang.String)&amp#27;[0m
  &amp#27;[32mThen &amp#27;[0m&amp#27;[32mBoth responses should be identical&amp#27;[0m                                    &amp#27;[90m# stepdefs.PatchBookingSteps.verify_idempotency()&amp#27;[0m
]]></system-out>
  </testcase>
</testsuite>